find_header: checking for prism.h in /github/vendor/gems/3.3.4/ruby/3.3.0/gems/prism-0.30.0/include... -------------------- yes

LD_LIBRARY_PATH=.:/usr/share/rbenv/versions/3.3.4/lib "gcc -o conftest -I/usr/share/rbenv/versions/3.3.4/include/ruby-3.3.0/x86_64-linux -I/usr/share/rbenv/versions/3.3.4/include/ruby-3.3.0/ruby/backward -I/usr/share/rbenv/versions/3.3.4/include/ruby-3.3.0 -I. -Wdate-time -D_FORTIFY_SOURCE=2   -g -O2 -fdebug-prefix-map=/tmp/brew2deb/packages/ruby=. -fstack-protector-strong -Wformat -Werror=format-security conftest.c  -L. -L/usr/share/rbenv/versions/3.3.4/lib -Wl,-rpath,/usr/share/rbenv/versions/3.3.4/lib -L. -Wl,-Bsymbolic-functions -Wl,-z,relro -fstack-protector-strong -rdynamic -Wl,-export-dynamic     -Wl,-rpath,/usr/share/rbenv/versions/3.3.4/lib -L/usr/share/rbenv/versions/3.3.4/lib -lruby-static -lz -lrt -lrt -ljemalloc -lgmp -ldl -lcrypt -lm -lpthread   -lm -lpthread  -ljemalloc -lc"
checked program was:
/* begin */
1: #include "ruby.h"
2: 
3: int main(int argc, char **argv)
4: {
5:   return !!argv[argc];
6: }
/* end */

LD_LIBRARY_PATH=.:/usr/share/rbenv/versions/3.3.4/lib "gcc -I/usr/share/rbenv/versions/3.3.4/include/ruby-3.3.0/x86_64-linux -I/usr/share/rbenv/versions/3.3.4/include/ruby-3.3.0/ruby/backward -I/usr/share/rbenv/versions/3.3.4/include/ruby-3.3.0 -I. -Wdate-time -D_FORTIFY_SOURCE=2   -g -O2 -fdebug-prefix-map=/tmp/brew2deb/packages/ruby=. -fstack-protector-strong -Wformat -Werror=format-security   -c conftest.c"
conftest.c:3:10: fatal error: prism.h: No such file or directory
    3 | #include <prism.h>
      |          ^~~~~~~~~
compilation terminated.
checked program was:
/* begin */
1: #include "ruby.h"
2: 
3: #include <prism.h>
/* end */

LD_LIBRARY_PATH=.:/usr/share/rbenv/versions/3.3.4/lib "gcc -I/usr/share/rbenv/versions/3.3.4/include/ruby-3.3.0/x86_64-linux -I/usr/share/rbenv/versions/3.3.4/include/ruby-3.3.0/ruby/backward -I/usr/share/rbenv/versions/3.3.4/include/ruby-3.3.0 -I. -Wdate-time -D_FORTIFY_SOURCE=2   -g -O2 -fdebug-prefix-map=/tmp/brew2deb/packages/ruby=. -fstack-protector-strong -Wformat -Werror=format-security  -I/github/vendor/gems/3.3.4/ruby/3.3.0/gems/prism-0.30.0/include -c conftest.c"
checked program was:
/* begin */
1: #include "ruby.h"
2: 
3: #include <prism.h>
/* end */

--------------------

find_header: checking for prism/extension.h in /github/vendor/gems/3.3.4/ruby/3.3.0/gems/prism-0.30.0/ext... -------------------- yes

LD_LIBRARY_PATH=.:/usr/share/rbenv/versions/3.3.4/lib "gcc -I/usr/share/rbenv/versions/3.3.4/include/ruby-3.3.0/x86_64-linux -I/usr/share/rbenv/versions/3.3.4/include/ruby-3.3.0/ruby/backward -I/usr/share/rbenv/versions/3.3.4/include/ruby-3.3.0 -I. -I/github/vendor/gems/3.3.4/ruby/3.3.0/gems/prism-0.30.0/include -Wdate-time -D_FORTIFY_SOURCE=2   -g -O2 -fdebug-prefix-map=/tmp/brew2deb/packages/ruby=. -fstack-protector-strong -Wformat -Werror=format-security   -c conftest.c"
conftest.c:3:10: fatal error: prism/extension.h: No such file or directory
    3 | #include <prism/extension.h>
      |          ^~~~~~~~~~~~~~~~~~~
compilation terminated.
checked program was:
/* begin */
1: #include "ruby.h"
2: 
3: #include <prism/extension.h>
/* end */

LD_LIBRARY_PATH=.:/usr/share/rbenv/versions/3.3.4/lib "gcc -I/usr/share/rbenv/versions/3.3.4/include/ruby-3.3.0/x86_64-linux -I/usr/share/rbenv/versions/3.3.4/include/ruby-3.3.0/ruby/backward -I/usr/share/rbenv/versions/3.3.4/include/ruby-3.3.0 -I. -I/github/vendor/gems/3.3.4/ruby/3.3.0/gems/prism-0.30.0/include -Wdate-time -D_FORTIFY_SOURCE=2   -g -O2 -fdebug-prefix-map=/tmp/brew2deb/packages/ruby=. -fstack-protector-strong -Wformat -Werror=format-security  -I/github/vendor/gems/3.3.4/ruby/3.3.0/gems/prism-0.30.0/ext -c conftest.c"
checked program was:
/* begin */
1: #include "ruby.h"
2: 
3: #include <prism/extension.h>
/* end */

--------------------

append_cflags: checking for whether -fvisibility=hidden is accepted as CFLAGS... -------------------- yes

LD_LIBRARY_PATH=.:/usr/share/rbenv/versions/3.3.4/lib "gcc -I/usr/share/rbenv/versions/3.3.4/include/ruby-3.3.0/x86_64-linux -I/usr/share/rbenv/versions/3.3.4/include/ruby-3.3.0/ruby/backward -I/usr/share/rbenv/versions/3.3.4/include/ruby-3.3.0 -I. -I/github/vendor/gems/3.3.4/ruby/3.3.0/gems/prism-0.30.0/include -I/github/vendor/gems/3.3.4/ruby/3.3.0/gems/prism-0.30.0/ext -Wdate-time -D_FORTIFY_SOURCE=2   -g -O2 -fdebug-prefix-map=/tmp/brew2deb/packages/ruby=. -fstack-protector-strong -Wformat -Werror=format-security  -fvisibility=hidden -Werror -c conftest.c"
checked program was:
/* begin */
1: #include "ruby.h"
2: 
3: int main(int argc, char **argv)
4: {
5:   return !!argv[argc];
6: }
/* end */

--------------------

