pkg_config: checking for pkg-config for /github/vendor/gems/3.3.4/ruby/3.3.0/gems/sqlite3-1.6.9/ports/x86_64-linux-gnu/sqlite3/3.44.2/lib/pkgconfig/sqlite3.pc... -------------------- ["-I/github/vendor/gems/3.3.4/ruby/3.3.0/gems/sqlite3-1.6.9/ports/x86_64-linux-gnu/sqlite3/3.44.2/include ", "-L/github/vendor/gems/3.3.4/ruby/3.3.0/gems/sqlite3-1.6.9/ports/x86_64-linux-gnu/sqlite3/3.44.2/lib", "-lsqlite3"]

LD_LIBRARY_PATH=.:/usr/share/rbenv/versions/3.3.4/lib pkg-config --exists /github/vendor/gems/3.3.4/ruby/3.3.0/gems/sqlite3-1.6.9/ports/x86_64-linux-gnu/sqlite3/3.44.2/lib/pkgconfig/sqlite3.pc
LD_LIBRARY_PATH=.:/usr/share/rbenv/versions/3.3.4/lib pkg-config --libs /github/vendor/gems/3.3.4/ruby/3.3.0/gems/sqlite3-1.6.9/ports/x86_64-linux-gnu/sqlite3/3.44.2/lib/pkgconfig/sqlite3.pc |
=> "-L/github/vendor/gems/3.3.4/ruby/3.3.0/gems/sqlite3-1.6.9/ports/x86_64-linux-gnu/sqlite3/3.44.2/lib -lsqlite3\n"
LD_LIBRARY_PATH=.:/usr/share/rbenv/versions/3.3.4/lib "gcc -o conftest -I/usr/share/rbenv/versions/3.3.4/include/ruby-3.3.0/x86_64-linux -I/usr/share/rbenv/versions/3.3.4/include/ruby-3.3.0/ruby/backward -I/usr/share/rbenv/versions/3.3.4/include/ruby-3.3.0 -I. -Wdate-time -D_FORTIFY_SOURCE=2   -g -O2 -fdebug-prefix-map=/tmp/brew2deb/packages/ruby=. -fstack-protector-strong -Wformat -Werror=format-security conftest.c  -L. -L/usr/share/rbenv/versions/3.3.4/lib -Wl,-rpath,/usr/share/rbenv/versions/3.3.4/lib -L. -Wl,-Bsymbolic-functions -Wl,-z,relro -fstack-protector-strong -rdynamic -Wl,-export-dynamic     -Wl,-rpath,/usr/share/rbenv/versions/3.3.4/lib -L/usr/share/rbenv/versions/3.3.4/lib -lruby-static -lz -lrt -lrt -ljemalloc -lgmp -ldl -lcrypt -lm -lpthread   -lm -lpthread  -ljemalloc -lc"
checked program was:
/* begin */
1: #include "ruby.h"
2: 
3: int main(int argc, char **argv)
4: {
5:   return !!argv[argc];
6: }
/* end */

LD_LIBRARY_PATH=.:/usr/share/rbenv/versions/3.3.4/lib "gcc -o conftest -I/usr/share/rbenv/versions/3.3.4/include/ruby-3.3.0/x86_64-linux -I/usr/share/rbenv/versions/3.3.4/include/ruby-3.3.0/ruby/backward -I/usr/share/rbenv/versions/3.3.4/include/ruby-3.3.0 -I. -Wdate-time -D_FORTIFY_SOURCE=2   -g -O2 -fdebug-prefix-map=/tmp/brew2deb/packages/ruby=. -fstack-protector-strong -Wformat -Werror=format-security conftest.c  -L. -L/usr/share/rbenv/versions/3.3.4/lib -Wl,-rpath,/usr/share/rbenv/versions/3.3.4/lib -L. -Wl,-Bsymbolic-functions -Wl,-z,relro -fstack-protector-strong -rdynamic -Wl,-export-dynamic     -Wl,-rpath,/usr/share/rbenv/versions/3.3.4/lib -L/usr/share/rbenv/versions/3.3.4/lib -lruby-static -lz -lrt -lrt -ljemalloc -lgmp -ldl -lcrypt -lm -lpthread  -L/github/vendor/gems/3.3.4/ruby/3.3.0/gems/sqlite3-1.6.9/ports/x86_64-linux-gnu/sqlite3/3.44.2/lib -lsqlite3 -lm -lpthread  -ljemalloc -lc"
checked program was:
/* begin */
1: #include "ruby.h"
2: 
3: int main(int argc, char **argv)
4: {
5:   return !!argv[argc];
6: }
/* end */

LD_LIBRARY_PATH=.:/usr/share/rbenv/versions/3.3.4/lib pkg-config --cflags-only-I /github/vendor/gems/3.3.4/ruby/3.3.0/gems/sqlite3-1.6.9/ports/x86_64-linux-gnu/sqlite3/3.44.2/lib/pkgconfig/sqlite3.pc |
=> "-I/github/vendor/gems/3.3.4/ruby/3.3.0/gems/sqlite3-1.6.9/ports/x86_64-linux-gnu/sqlite3/3.44.2/include\n"
LD_LIBRARY_PATH=.:/usr/share/rbenv/versions/3.3.4/lib pkg-config --cflags-only-other /github/vendor/gems/3.3.4/ruby/3.3.0/gems/sqlite3-1.6.9/ports/x86_64-linux-gnu/sqlite3/3.44.2/lib/pkgconfig/sqlite3.pc |
=> "\n"
LD_LIBRARY_PATH=.:/usr/share/rbenv/versions/3.3.4/lib pkg-config --libs-only-l /github/vendor/gems/3.3.4/ruby/3.3.0/gems/sqlite3-1.6.9/ports/x86_64-linux-gnu/sqlite3/3.44.2/lib/pkgconfig/sqlite3.pc |
=> "-lsqlite3\n"
package configuration for /github/vendor/gems/3.3.4/ruby/3.3.0/gems/sqlite3-1.6.9/ports/x86_64-linux-gnu/sqlite3/3.44.2/lib/pkgconfig/sqlite3.pc
incflags: -I/github/vendor/gems/3.3.4/ruby/3.3.0/gems/sqlite3-1.6.9/ports/x86_64-linux-gnu/sqlite3/3.44.2/include
cflags: 
ldflags: -L/github/vendor/gems/3.3.4/ruby/3.3.0/gems/sqlite3-1.6.9/ports/x86_64-linux-gnu/sqlite3/3.44.2/lib
libs: -lsqlite3

--------------------

LD_LIBRARY_PATH=.:/usr/share/rbenv/versions/3.3.4/lib pkg-config --libs --static /github/vendor/gems/3.3.4/ruby/3.3.0/gems/sqlite3-1.6.9/ports/x86_64-linux-gnu/sqlite3/3.44.2/lib/pkgconfig/sqlite3.pc |
append_ldflags: checking for whether -L/github/vendor/gems/3.3.4/ruby/3.3.0/gems/sqlite3-1.6.9/ports/x86_64-linux-gnu/sqlite3/3.44.2/lib is accepted as LDFLAGS... -------------------- yes

LD_LIBRARY_PATH=.:/usr/share/rbenv/versions/3.3.4/lib "gcc -o conftest -I/usr/share/rbenv/versions/3.3.4/include/ruby-3.3.0/x86_64-linux -I/usr/share/rbenv/versions/3.3.4/include/ruby-3.3.0/ruby/backward -I/usr/share/rbenv/versions/3.3.4/include/ruby-3.3.0 -I. -I/github/vendor/gems/3.3.4/ruby/3.3.0/gems/sqlite3-1.6.9/ports/x86_64-linux-gnu/sqlite3/3.44.2/include -Wdate-time -D_FORTIFY_SOURCE=2   -g -O2 -fdebug-prefix-map=/tmp/brew2deb/packages/ruby=. -fstack-protector-strong -Wformat -Werror=format-security  conftest.c  -L. -L/usr/share/rbenv/versions/3.3.4/lib -Wl,-rpath,/usr/share/rbenv/versions/3.3.4/lib -L. -Wl,-Bsymbolic-functions -Wl,-z,relro -fstack-protector-strong -rdynamic -Wl,-export-dynamic -L/github/vendor/gems/3.3.4/ruby/3.3.0/gems/sqlite3-1.6.9/ports/x86_64-linux-gnu/sqlite3/3.44.2/lib     -lsqlite3 -Wl,-rpath,/usr/share/rbenv/versions/3.3.4/lib -L/usr/share/rbenv/versions/3.3.4/lib -lruby-static -lz -lrt -lrt -ljemalloc -lgmp -ldl -lcrypt -lm -lpthread  -L/github/vendor/gems/3.3.4/ruby/3.3.0/gems/sqlite3-1.6.9/ports/x86_64-linux-gnu/sqlite3/3.44.2/lib -lm -lpthread  -ljemalloc -lc"
checked program was:
/* begin */
1: #include "ruby.h"
2: 
3: int main(int argc, char **argv)
4: {
5:   return !!argv[argc];
6: }
/* end */

--------------------

append_ldflags: checking for whether -lsqlite3 is accepted as LDFLAGS... -------------------- yes

LD_LIBRARY_PATH=.:/usr/share/rbenv/versions/3.3.4/lib "gcc -o conftest -I/usr/share/rbenv/versions/3.3.4/include/ruby-3.3.0/x86_64-linux -I/usr/share/rbenv/versions/3.3.4/include/ruby-3.3.0/ruby/backward -I/usr/share/rbenv/versions/3.3.4/include/ruby-3.3.0 -I. -I/github/vendor/gems/3.3.4/ruby/3.3.0/gems/sqlite3-1.6.9/ports/x86_64-linux-gnu/sqlite3/3.44.2/include -Wdate-time -D_FORTIFY_SOURCE=2   -g -O2 -fdebug-prefix-map=/tmp/brew2deb/packages/ruby=. -fstack-protector-strong -Wformat -Werror=format-security  conftest.c  -L. -L/usr/share/rbenv/versions/3.3.4/lib -Wl,-rpath,/usr/share/rbenv/versions/3.3.4/lib -L. -Wl,-Bsymbolic-functions -Wl,-z,relro -fstack-protector-strong -rdynamic -Wl,-export-dynamic -L/github/vendor/gems/3.3.4/ruby/3.3.0/gems/sqlite3-1.6.9/ports/x86_64-linux-gnu/sqlite3/3.44.2/lib -L/github/vendor/gems/3.3.4/ruby/3.3.0/gems/sqlite3-1.6.9/ports/x86_64-linux-gnu/sqlite3/3.44.2/lib     -lsqlite3 -Wl,-rpath,/usr/share/rbenv/versions/3.3.4/lib -L/usr/share/rbenv/versions/3.3.4/lib -lruby-static -lz -lrt -lrt -ljemalloc -lgmp -ldl -lcrypt -lm -lpthread  -lsqlite3 -lm -lpthread  -ljemalloc -lc"
checked program was:
/* begin */
1: #include "ruby.h"
2: 
3: int main(int argc, char **argv)
4: {
5:   return !!argv[argc];
6: }
/* end */

--------------------

append_ldflags: checking for whether -lz is accepted as LDFLAGS... -------------------- yes

LD_LIBRARY_PATH=.:/usr/share/rbenv/versions/3.3.4/lib "gcc -o conftest -I/usr/share/rbenv/versions/3.3.4/include/ruby-3.3.0/x86_64-linux -I/usr/share/rbenv/versions/3.3.4/include/ruby-3.3.0/ruby/backward -I/usr/share/rbenv/versions/3.3.4/include/ruby-3.3.0 -I. -I/github/vendor/gems/3.3.4/ruby/3.3.0/gems/sqlite3-1.6.9/ports/x86_64-linux-gnu/sqlite3/3.44.2/include -Wdate-time -D_FORTIFY_SOURCE=2   -g -O2 -fdebug-prefix-map=/tmp/brew2deb/packages/ruby=. -fstack-protector-strong -Wformat -Werror=format-security  conftest.c  -L. -L/usr/share/rbenv/versions/3.3.4/lib -Wl,-rpath,/usr/share/rbenv/versions/3.3.4/lib -L. -Wl,-Bsymbolic-functions -Wl,-z,relro -fstack-protector-strong -rdynamic -Wl,-export-dynamic -L/github/vendor/gems/3.3.4/ruby/3.3.0/gems/sqlite3-1.6.9/ports/x86_64-linux-gnu/sqlite3/3.44.2/lib -L/github/vendor/gems/3.3.4/ruby/3.3.0/gems/sqlite3-1.6.9/ports/x86_64-linux-gnu/sqlite3/3.44.2/lib -lsqlite3     -lsqlite3 -Wl,-rpath,/usr/share/rbenv/versions/3.3.4/lib -L/usr/share/rbenv/versions/3.3.4/lib -lruby-static -lz -lrt -lrt -ljemalloc -lgmp -ldl -lcrypt -lm -lpthread  -lz -lm -lpthread  -ljemalloc -lc"
checked program was:
/* begin */
1: #include "ruby.h"
2: 
3: int main(int argc, char **argv)
4: {
5:   return !!argv[argc];
6: }
/* end */

--------------------

append_ldflags: checking for whether -lm is accepted as LDFLAGS... -------------------- yes

LD_LIBRARY_PATH=.:/usr/share/rbenv/versions/3.3.4/lib "gcc -o conftest -I/usr/share/rbenv/versions/3.3.4/include/ruby-3.3.0/x86_64-linux -I/usr/share/rbenv/versions/3.3.4/include/ruby-3.3.0/ruby/backward -I/usr/share/rbenv/versions/3.3.4/include/ruby-3.3.0 -I. -I/github/vendor/gems/3.3.4/ruby/3.3.0/gems/sqlite3-1.6.9/ports/x86_64-linux-gnu/sqlite3/3.44.2/include -Wdate-time -D_FORTIFY_SOURCE=2   -g -O2 -fdebug-prefix-map=/tmp/brew2deb/packages/ruby=. -fstack-protector-strong -Wformat -Werror=format-security  conftest.c  -L. -L/usr/share/rbenv/versions/3.3.4/lib -Wl,-rpath,/usr/share/rbenv/versions/3.3.4/lib -L. -Wl,-Bsymbolic-functions -Wl,-z,relro -fstack-protector-strong -rdynamic -Wl,-export-dynamic -L/github/vendor/gems/3.3.4/ruby/3.3.0/gems/sqlite3-1.6.9/ports/x86_64-linux-gnu/sqlite3/3.44.2/lib -L/github/vendor/gems/3.3.4/ruby/3.3.0/gems/sqlite3-1.6.9/ports/x86_64-linux-gnu/sqlite3/3.44.2/lib -lsqlite3 -lz     -lsqlite3 -Wl,-rpath,/usr/share/rbenv/versions/3.3.4/lib -L/usr/share/rbenv/versions/3.3.4/lib -lruby-static -lz -lrt -lrt -ljemalloc -lgmp -ldl -lcrypt -lm -lpthread  -lm -lm -lpthread  -ljemalloc -lc"
checked program was:
/* begin */
1: #include "ruby.h"
2: 
3: int main(int argc, char **argv)
4: {
5:   return !!argv[argc];
6: }
/* end */

--------------------

append_ldflags: checking for whether -ldl is accepted as LDFLAGS... -------------------- yes

LD_LIBRARY_PATH=.:/usr/share/rbenv/versions/3.3.4/lib "gcc -o conftest -I/usr/share/rbenv/versions/3.3.4/include/ruby-3.3.0/x86_64-linux -I/usr/share/rbenv/versions/3.3.4/include/ruby-3.3.0/ruby/backward -I/usr/share/rbenv/versions/3.3.4/include/ruby-3.3.0 -I. -I/github/vendor/gems/3.3.4/ruby/3.3.0/gems/sqlite3-1.6.9/ports/x86_64-linux-gnu/sqlite3/3.44.2/include -Wdate-time -D_FORTIFY_SOURCE=2   -g -O2 -fdebug-prefix-map=/tmp/brew2deb/packages/ruby=. -fstack-protector-strong -Wformat -Werror=format-security  conftest.c  -L. -L/usr/share/rbenv/versions/3.3.4/lib -Wl,-rpath,/usr/share/rbenv/versions/3.3.4/lib -L. -Wl,-Bsymbolic-functions -Wl,-z,relro -fstack-protector-strong -rdynamic -Wl,-export-dynamic -L/github/vendor/gems/3.3.4/ruby/3.3.0/gems/sqlite3-1.6.9/ports/x86_64-linux-gnu/sqlite3/3.44.2/lib -L/github/vendor/gems/3.3.4/ruby/3.3.0/gems/sqlite3-1.6.9/ports/x86_64-linux-gnu/sqlite3/3.44.2/lib -lsqlite3 -lz -lm     -lsqlite3 -Wl,-rpath,/usr/share/rbenv/versions/3.3.4/lib -L/usr/share/rbenv/versions/3.3.4/lib -lruby-static -lz -lrt -lrt -ljemalloc -lgmp -ldl -lcrypt -lm -lpthread  -ldl -lm -lpthread  -ljemalloc -lc"
checked program was:
/* begin */
1: #include "ruby.h"
2: 
3: int main(int argc, char **argv)
4: {
5:   return !!argv[argc];
6: }
/* end */

--------------------

append_ldflags: checking for whether -lpthread is accepted as LDFLAGS... -------------------- yes

LD_LIBRARY_PATH=.:/usr/share/rbenv/versions/3.3.4/lib "gcc -o conftest -I/usr/share/rbenv/versions/3.3.4/include/ruby-3.3.0/x86_64-linux -I/usr/share/rbenv/versions/3.3.4/include/ruby-3.3.0/ruby/backward -I/usr/share/rbenv/versions/3.3.4/include/ruby-3.3.0 -I. -I/github/vendor/gems/3.3.4/ruby/3.3.0/gems/sqlite3-1.6.9/ports/x86_64-linux-gnu/sqlite3/3.44.2/include -Wdate-time -D_FORTIFY_SOURCE=2   -g -O2 -fdebug-prefix-map=/tmp/brew2deb/packages/ruby=. -fstack-protector-strong -Wformat -Werror=format-security  conftest.c  -L. -L/usr/share/rbenv/versions/3.3.4/lib -Wl,-rpath,/usr/share/rbenv/versions/3.3.4/lib -L. -Wl,-Bsymbolic-functions -Wl,-z,relro -fstack-protector-strong -rdynamic -Wl,-export-dynamic -L/github/vendor/gems/3.3.4/ruby/3.3.0/gems/sqlite3-1.6.9/ports/x86_64-linux-gnu/sqlite3/3.44.2/lib -L/github/vendor/gems/3.3.4/ruby/3.3.0/gems/sqlite3-1.6.9/ports/x86_64-linux-gnu/sqlite3/3.44.2/lib -lsqlite3 -lz -lm -ldl     -lsqlite3 -Wl,-rpath,/usr/share/rbenv/versions/3.3.4/lib -L/usr/share/rbenv/versions/3.3.4/lib -lruby-static -lz -lrt -lrt -ljemalloc -lgmp -ldl -lcrypt -lm -lpthread  -lpthread -lm -lpthread  -ljemalloc -lc"
checked program was:
/* begin */
1: #include "ruby.h"
2: 
3: int main(int argc, char **argv)
4: {
5:   return !!argv[argc];
6: }
/* end */

--------------------

append_cflags: checking for whether -fvisibility=hidden is accepted as CFLAGS... -------------------- yes

LD_LIBRARY_PATH=.:/usr/share/rbenv/versions/3.3.4/lib "gcc -I/usr/share/rbenv/versions/3.3.4/include/ruby-3.3.0/x86_64-linux -I/usr/share/rbenv/versions/3.3.4/include/ruby-3.3.0/ruby/backward -I/usr/share/rbenv/versions/3.3.4/include/ruby-3.3.0 -I. -I/github/vendor/gems/3.3.4/ruby/3.3.0/gems/sqlite3-1.6.9/ports/x86_64-linux-gnu/sqlite3/3.44.2/include -Wdate-time -D_FORTIFY_SOURCE=2   -g -O2 -fdebug-prefix-map=/tmp/brew2deb/packages/ruby=. -fstack-protector-strong -Wformat -Werror=format-security   -fvisibility=hidden -Werror -c conftest.c"
checked program was:
/* begin */
1: #include "ruby.h"
2: 
3: int main(int argc, char **argv)
4: {
5:   return !!argv[argc];
6: }
/* end */

--------------------

find_header: checking for sqlite3.h... -------------------- yes

LD_LIBRARY_PATH=.:/usr/share/rbenv/versions/3.3.4/lib "gcc -I/usr/share/rbenv/versions/3.3.4/include/ruby-3.3.0/x86_64-linux -I/usr/share/rbenv/versions/3.3.4/include/ruby-3.3.0/ruby/backward -I/usr/share/rbenv/versions/3.3.4/include/ruby-3.3.0 -I. -I/github/vendor/gems/3.3.4/ruby/3.3.0/gems/sqlite3-1.6.9/ports/x86_64-linux-gnu/sqlite3/3.44.2/include -Wdate-time -D_FORTIFY_SOURCE=2   -g -O2 -fdebug-prefix-map=/tmp/brew2deb/packages/ruby=. -fstack-protector-strong -Wformat -Werror=format-security  -fvisibility=hidden   -c conftest.c"
checked program was:
/* begin */
1: #include "ruby.h"
2: 
3: #include <sqlite3.h>
/* end */

--------------------

find_library: checking for sqlite3_libversion_number() in -lsqlite3... -------------------- yes

LD_LIBRARY_PATH=.:/usr/share/rbenv/versions/3.3.4/lib "gcc -o conftest -I/usr/share/rbenv/versions/3.3.4/include/ruby-3.3.0/x86_64-linux -I/usr/share/rbenv/versions/3.3.4/include/ruby-3.3.0/ruby/backward -I/usr/share/rbenv/versions/3.3.4/include/ruby-3.3.0 -I. -I/github/vendor/gems/3.3.4/ruby/3.3.0/gems/sqlite3-1.6.9/ports/x86_64-linux-gnu/sqlite3/3.44.2/include -Wdate-time -D_FORTIFY_SOURCE=2   -g -O2 -fdebug-prefix-map=/tmp/brew2deb/packages/ruby=. -fstack-protector-strong -Wformat -Werror=format-security  -fvisibility=hidden conftest.c  -L. -L/usr/share/rbenv/versions/3.3.4/lib -Wl,-rpath,/usr/share/rbenv/versions/3.3.4/lib -L. -Wl,-Bsymbolic-functions -Wl,-z,relro -fstack-protector-strong -rdynamic -Wl,-export-dynamic -L/github/vendor/gems/3.3.4/ruby/3.3.0/gems/sqlite3-1.6.9/ports/x86_64-linux-gnu/sqlite3/3.44.2/lib -L/github/vendor/gems/3.3.4/ruby/3.3.0/gems/sqlite3-1.6.9/ports/x86_64-linux-gnu/sqlite3/3.44.2/lib -lsqlite3 -lz -lm -ldl -lpthread     -lsqlite3 -Wl,-rpath,/usr/share/rbenv/versions/3.3.4/lib -L/usr/share/rbenv/versions/3.3.4/lib -lruby-static -lz -lrt -lrt -ljemalloc -lgmp -ldl -lcrypt -lm -lpthread  -lsqlite3  -lsqlite3 -lm -lpthread  -ljemalloc -lc"
conftest.c: In function ‘t’:
conftest.c:14:57: error: ‘sqlite3_libversion_number’ undeclared (first use in this function)
   14 | int t(void) { void ((*volatile p)()); p = (void ((*)()))sqlite3_libversion_number; return !p; }
      |                                                         ^~~~~~~~~~~~~~~~~~~~~~~~~
conftest.c:14:57: note: each undeclared identifier is reported only once for each function it appears in
checked program was:
/* begin */
 1: #include "ruby.h"
 2: 
 3: /*top*/
 4: extern int t(void);
 5: int main(int argc, char **argv)
 6: {
 7:   if (argc > 1000000) {
 8:     int (* volatile tp)(void)=(int (*)(void))&t;
 9:     printf("%d", (*tp)());
10:   }
11: 
12:   return !!argv[argc];
13: }
14: int t(void) { void ((*volatile p)()); p = (void ((*)()))sqlite3_libversion_number; return !p; }
/* end */

LD_LIBRARY_PATH=.:/usr/share/rbenv/versions/3.3.4/lib "gcc -o conftest -I/usr/share/rbenv/versions/3.3.4/include/ruby-3.3.0/x86_64-linux -I/usr/share/rbenv/versions/3.3.4/include/ruby-3.3.0/ruby/backward -I/usr/share/rbenv/versions/3.3.4/include/ruby-3.3.0 -I. -I/github/vendor/gems/3.3.4/ruby/3.3.0/gems/sqlite3-1.6.9/ports/x86_64-linux-gnu/sqlite3/3.44.2/include -Wdate-time -D_FORTIFY_SOURCE=2   -g -O2 -fdebug-prefix-map=/tmp/brew2deb/packages/ruby=. -fstack-protector-strong -Wformat -Werror=format-security  -fvisibility=hidden conftest.c  -L. -L/usr/share/rbenv/versions/3.3.4/lib -Wl,-rpath,/usr/share/rbenv/versions/3.3.4/lib -L. -Wl,-Bsymbolic-functions -Wl,-z,relro -fstack-protector-strong -rdynamic -Wl,-export-dynamic -L/github/vendor/gems/3.3.4/ruby/3.3.0/gems/sqlite3-1.6.9/ports/x86_64-linux-gnu/sqlite3/3.44.2/lib -L/github/vendor/gems/3.3.4/ruby/3.3.0/gems/sqlite3-1.6.9/ports/x86_64-linux-gnu/sqlite3/3.44.2/lib -lsqlite3 -lz -lm -ldl -lpthread     -lsqlite3 -Wl,-rpath,/usr/share/rbenv/versions/3.3.4/lib -L/usr/share/rbenv/versions/3.3.4/lib -lruby-static -lz -lrt -lrt -ljemalloc -lgmp -ldl -lcrypt -lm -lpthread  -lsqlite3  -lsqlite3 -lm -lpthread  -ljemalloc -lc"
checked program was:
/* begin */
 1: #include "ruby.h"
 2: 
 3: /*top*/
 4: extern int t(void);
 5: int main(int argc, char **argv)
 6: {
 7:   if (argc > 1000000) {
 8:     int (* volatile tp)(void)=(int (*)(void))&t;
 9:     printf("%d", (*tp)());
10:   }
11: 
12:   return !!argv[argc];
13: }
14: extern void sqlite3_libversion_number();
15: int t(void) { sqlite3_libversion_number(); return 0; }
/* end */

--------------------

have_func: checking for rb_proc_arity()... -------------------- yes

LD_LIBRARY_PATH=.:/usr/share/rbenv/versions/3.3.4/lib "gcc -o conftest -I/usr/share/rbenv/versions/3.3.4/include/ruby-3.3.0/x86_64-linux -I/usr/share/rbenv/versions/3.3.4/include/ruby-3.3.0/ruby/backward -I/usr/share/rbenv/versions/3.3.4/include/ruby-3.3.0 -I. -I/github/vendor/gems/3.3.4/ruby/3.3.0/gems/sqlite3-1.6.9/ports/x86_64-linux-gnu/sqlite3/3.44.2/include -Wdate-time -D_FORTIFY_SOURCE=2   -g -O2 -fdebug-prefix-map=/tmp/brew2deb/packages/ruby=. -fstack-protector-strong -Wformat -Werror=format-security  -fvisibility=hidden conftest.c  -L. -L/usr/share/rbenv/versions/3.3.4/lib -Wl,-rpath,/usr/share/rbenv/versions/3.3.4/lib -L. -Wl,-Bsymbolic-functions -Wl,-z,relro -fstack-protector-strong -rdynamic -Wl,-export-dynamic -L/github/vendor/gems/3.3.4/ruby/3.3.0/gems/sqlite3-1.6.9/ports/x86_64-linux-gnu/sqlite3/3.44.2/lib -L/github/vendor/gems/3.3.4/ruby/3.3.0/gems/sqlite3-1.6.9/ports/x86_64-linux-gnu/sqlite3/3.44.2/lib -lsqlite3 -lz -lm -ldl -lpthread    -lsqlite3  -lsqlite3 -Wl,-rpath,/usr/share/rbenv/versions/3.3.4/lib -L/usr/share/rbenv/versions/3.3.4/lib -lruby-static -lz -lrt -lrt -ljemalloc -lgmp -ldl -lcrypt -lm -lpthread  -lsqlite3  -lsqlite3 -lm -lpthread  -ljemalloc -lc"
checked program was:
/* begin */
 1: #include "ruby.h"
 2: 
 3: /*top*/
 4: extern int t(void);
 5: int main(int argc, char **argv)
 6: {
 7:   if (argc > 1000000) {
 8:     int (* volatile tp)(void)=(int (*)(void))&t;
 9:     printf("%d", (*tp)());
10:   }
11: 
12:   return !!argv[argc];
13: }
14: int t(void) { void ((*volatile p)()); p = (void ((*)()))rb_proc_arity; return !p; }
/* end */

--------------------

have_func: checking for rb_integer_pack()... -------------------- yes

LD_LIBRARY_PATH=.:/usr/share/rbenv/versions/3.3.4/lib "gcc -o conftest -I/usr/share/rbenv/versions/3.3.4/include/ruby-3.3.0/x86_64-linux -I/usr/share/rbenv/versions/3.3.4/include/ruby-3.3.0/ruby/backward -I/usr/share/rbenv/versions/3.3.4/include/ruby-3.3.0 -I. -I/github/vendor/gems/3.3.4/ruby/3.3.0/gems/sqlite3-1.6.9/ports/x86_64-linux-gnu/sqlite3/3.44.2/include -Wdate-time -D_FORTIFY_SOURCE=2   -g -O2 -fdebug-prefix-map=/tmp/brew2deb/packages/ruby=. -fstack-protector-strong -Wformat -Werror=format-security  -fvisibility=hidden conftest.c  -L. -L/usr/share/rbenv/versions/3.3.4/lib -Wl,-rpath,/usr/share/rbenv/versions/3.3.4/lib -L. -Wl,-Bsymbolic-functions -Wl,-z,relro -fstack-protector-strong -rdynamic -Wl,-export-dynamic -L/github/vendor/gems/3.3.4/ruby/3.3.0/gems/sqlite3-1.6.9/ports/x86_64-linux-gnu/sqlite3/3.44.2/lib -L/github/vendor/gems/3.3.4/ruby/3.3.0/gems/sqlite3-1.6.9/ports/x86_64-linux-gnu/sqlite3/3.44.2/lib -lsqlite3 -lz -lm -ldl -lpthread    -lsqlite3  -lsqlite3 -Wl,-rpath,/usr/share/rbenv/versions/3.3.4/lib -L/usr/share/rbenv/versions/3.3.4/lib -lruby-static -lz -lrt -lrt -ljemalloc -lgmp -ldl -lcrypt -lm -lpthread  -lsqlite3  -lsqlite3 -lm -lpthread  -ljemalloc -lc"
checked program was:
/* begin */
 1: #include "ruby.h"
 2: 
 3: /*top*/
 4: extern int t(void);
 5: int main(int argc, char **argv)
 6: {
 7:   if (argc > 1000000) {
 8:     int (* volatile tp)(void)=(int (*)(void))&t;
 9:     printf("%d", (*tp)());
10:   }
11: 
12:   return !!argv[argc];
13: }
14: int t(void) { void ((*volatile p)()); p = (void ((*)()))rb_integer_pack; return !p; }
/* end */

--------------------

have_func: checking for sqlite3_initialize()... -------------------- yes

LD_LIBRARY_PATH=.:/usr/share/rbenv/versions/3.3.4/lib "gcc -o conftest -I/usr/share/rbenv/versions/3.3.4/include/ruby-3.3.0/x86_64-linux -I/usr/share/rbenv/versions/3.3.4/include/ruby-3.3.0/ruby/backward -I/usr/share/rbenv/versions/3.3.4/include/ruby-3.3.0 -I. -I/github/vendor/gems/3.3.4/ruby/3.3.0/gems/sqlite3-1.6.9/ports/x86_64-linux-gnu/sqlite3/3.44.2/include -Wdate-time -D_FORTIFY_SOURCE=2   -g -O2 -fdebug-prefix-map=/tmp/brew2deb/packages/ruby=. -fstack-protector-strong -Wformat -Werror=format-security  -fvisibility=hidden conftest.c  -L. -L/usr/share/rbenv/versions/3.3.4/lib -Wl,-rpath,/usr/share/rbenv/versions/3.3.4/lib -L. -Wl,-Bsymbolic-functions -Wl,-z,relro -fstack-protector-strong -rdynamic -Wl,-export-dynamic -L/github/vendor/gems/3.3.4/ruby/3.3.0/gems/sqlite3-1.6.9/ports/x86_64-linux-gnu/sqlite3/3.44.2/lib -L/github/vendor/gems/3.3.4/ruby/3.3.0/gems/sqlite3-1.6.9/ports/x86_64-linux-gnu/sqlite3/3.44.2/lib -lsqlite3 -lz -lm -ldl -lpthread    -lsqlite3  -lsqlite3 -Wl,-rpath,/usr/share/rbenv/versions/3.3.4/lib -L/usr/share/rbenv/versions/3.3.4/lib -lruby-static -lz -lrt -lrt -ljemalloc -lgmp -ldl -lcrypt -lm -lpthread  -lsqlite3  -lsqlite3 -lm -lpthread  -ljemalloc -lc"
conftest.c: In function ‘t’:
conftest.c:14:57: error: ‘sqlite3_initialize’ undeclared (first use in this function)
   14 | int t(void) { void ((*volatile p)()); p = (void ((*)()))sqlite3_initialize; return !p; }
      |                                                         ^~~~~~~~~~~~~~~~~~
conftest.c:14:57: note: each undeclared identifier is reported only once for each function it appears in
checked program was:
/* begin */
 1: #include "ruby.h"
 2: 
 3: /*top*/
 4: extern int t(void);
 5: int main(int argc, char **argv)
 6: {
 7:   if (argc > 1000000) {
 8:     int (* volatile tp)(void)=(int (*)(void))&t;
 9:     printf("%d", (*tp)());
10:   }
11: 
12:   return !!argv[argc];
13: }
14: int t(void) { void ((*volatile p)()); p = (void ((*)()))sqlite3_initialize; return !p; }
/* end */

LD_LIBRARY_PATH=.:/usr/share/rbenv/versions/3.3.4/lib "gcc -o conftest -I/usr/share/rbenv/versions/3.3.4/include/ruby-3.3.0/x86_64-linux -I/usr/share/rbenv/versions/3.3.4/include/ruby-3.3.0/ruby/backward -I/usr/share/rbenv/versions/3.3.4/include/ruby-3.3.0 -I. -I/github/vendor/gems/3.3.4/ruby/3.3.0/gems/sqlite3-1.6.9/ports/x86_64-linux-gnu/sqlite3/3.44.2/include -Wdate-time -D_FORTIFY_SOURCE=2   -g -O2 -fdebug-prefix-map=/tmp/brew2deb/packages/ruby=. -fstack-protector-strong -Wformat -Werror=format-security  -fvisibility=hidden conftest.c  -L. -L/usr/share/rbenv/versions/3.3.4/lib -Wl,-rpath,/usr/share/rbenv/versions/3.3.4/lib -L. -Wl,-Bsymbolic-functions -Wl,-z,relro -fstack-protector-strong -rdynamic -Wl,-export-dynamic -L/github/vendor/gems/3.3.4/ruby/3.3.0/gems/sqlite3-1.6.9/ports/x86_64-linux-gnu/sqlite3/3.44.2/lib -L/github/vendor/gems/3.3.4/ruby/3.3.0/gems/sqlite3-1.6.9/ports/x86_64-linux-gnu/sqlite3/3.44.2/lib -lsqlite3 -lz -lm -ldl -lpthread    -lsqlite3  -lsqlite3 -Wl,-rpath,/usr/share/rbenv/versions/3.3.4/lib -L/usr/share/rbenv/versions/3.3.4/lib -lruby-static -lz -lrt -lrt -ljemalloc -lgmp -ldl -lcrypt -lm -lpthread  -lsqlite3  -lsqlite3 -lm -lpthread  -ljemalloc -lc"
checked program was:
/* begin */
 1: #include "ruby.h"
 2: 
 3: /*top*/
 4: extern int t(void);
 5: int main(int argc, char **argv)
 6: {
 7:   if (argc > 1000000) {
 8:     int (* volatile tp)(void)=(int (*)(void))&t;
 9:     printf("%d", (*tp)());
10:   }
11: 
12:   return !!argv[argc];
13: }
14: extern void sqlite3_initialize();
15: int t(void) { sqlite3_initialize(); return 0; }
/* end */

--------------------

have_func: checking for sqlite3_backup_init()... -------------------- yes

LD_LIBRARY_PATH=.:/usr/share/rbenv/versions/3.3.4/lib "gcc -o conftest -I/usr/share/rbenv/versions/3.3.4/include/ruby-3.3.0/x86_64-linux -I/usr/share/rbenv/versions/3.3.4/include/ruby-3.3.0/ruby/backward -I/usr/share/rbenv/versions/3.3.4/include/ruby-3.3.0 -I. -I/github/vendor/gems/3.3.4/ruby/3.3.0/gems/sqlite3-1.6.9/ports/x86_64-linux-gnu/sqlite3/3.44.2/include -Wdate-time -D_FORTIFY_SOURCE=2   -g -O2 -fdebug-prefix-map=/tmp/brew2deb/packages/ruby=. -fstack-protector-strong -Wformat -Werror=format-security  -fvisibility=hidden conftest.c  -L. -L/usr/share/rbenv/versions/3.3.4/lib -Wl,-rpath,/usr/share/rbenv/versions/3.3.4/lib -L. -Wl,-Bsymbolic-functions -Wl,-z,relro -fstack-protector-strong -rdynamic -Wl,-export-dynamic -L/github/vendor/gems/3.3.4/ruby/3.3.0/gems/sqlite3-1.6.9/ports/x86_64-linux-gnu/sqlite3/3.44.2/lib -L/github/vendor/gems/3.3.4/ruby/3.3.0/gems/sqlite3-1.6.9/ports/x86_64-linux-gnu/sqlite3/3.44.2/lib -lsqlite3 -lz -lm -ldl -lpthread    -lsqlite3  -lsqlite3 -Wl,-rpath,/usr/share/rbenv/versions/3.3.4/lib -L/usr/share/rbenv/versions/3.3.4/lib -lruby-static -lz -lrt -lrt -ljemalloc -lgmp -ldl -lcrypt -lm -lpthread  -lsqlite3  -lsqlite3 -lm -lpthread  -ljemalloc -lc"
conftest.c: In function ‘t’:
conftest.c:14:57: error: ‘sqlite3_backup_init’ undeclared (first use in this function)
   14 | int t(void) { void ((*volatile p)()); p = (void ((*)()))sqlite3_backup_init; return !p; }
      |                                                         ^~~~~~~~~~~~~~~~~~~
conftest.c:14:57: note: each undeclared identifier is reported only once for each function it appears in
checked program was:
/* begin */
 1: #include "ruby.h"
 2: 
 3: /*top*/
 4: extern int t(void);
 5: int main(int argc, char **argv)
 6: {
 7:   if (argc > 1000000) {
 8:     int (* volatile tp)(void)=(int (*)(void))&t;
 9:     printf("%d", (*tp)());
10:   }
11: 
12:   return !!argv[argc];
13: }
14: int t(void) { void ((*volatile p)()); p = (void ((*)()))sqlite3_backup_init; return !p; }
/* end */

LD_LIBRARY_PATH=.:/usr/share/rbenv/versions/3.3.4/lib "gcc -o conftest -I/usr/share/rbenv/versions/3.3.4/include/ruby-3.3.0/x86_64-linux -I/usr/share/rbenv/versions/3.3.4/include/ruby-3.3.0/ruby/backward -I/usr/share/rbenv/versions/3.3.4/include/ruby-3.3.0 -I. -I/github/vendor/gems/3.3.4/ruby/3.3.0/gems/sqlite3-1.6.9/ports/x86_64-linux-gnu/sqlite3/3.44.2/include -Wdate-time -D_FORTIFY_SOURCE=2   -g -O2 -fdebug-prefix-map=/tmp/brew2deb/packages/ruby=. -fstack-protector-strong -Wformat -Werror=format-security  -fvisibility=hidden conftest.c  -L. -L/usr/share/rbenv/versions/3.3.4/lib -Wl,-rpath,/usr/share/rbenv/versions/3.3.4/lib -L. -Wl,-Bsymbolic-functions -Wl,-z,relro -fstack-protector-strong -rdynamic -Wl,-export-dynamic -L/github/vendor/gems/3.3.4/ruby/3.3.0/gems/sqlite3-1.6.9/ports/x86_64-linux-gnu/sqlite3/3.44.2/lib -L/github/vendor/gems/3.3.4/ruby/3.3.0/gems/sqlite3-1.6.9/ports/x86_64-linux-gnu/sqlite3/3.44.2/lib -lsqlite3 -lz -lm -ldl -lpthread    -lsqlite3  -lsqlite3 -Wl,-rpath,/usr/share/rbenv/versions/3.3.4/lib -L/usr/share/rbenv/versions/3.3.4/lib -lruby-static -lz -lrt -lrt -ljemalloc -lgmp -ldl -lcrypt -lm -lpthread  -lsqlite3  -lsqlite3 -lm -lpthread  -ljemalloc -lc"
checked program was:
/* begin */
 1: #include "ruby.h"
 2: 
 3: /*top*/
 4: extern int t(void);
 5: int main(int argc, char **argv)
 6: {
 7:   if (argc > 1000000) {
 8:     int (* volatile tp)(void)=(int (*)(void))&t;
 9:     printf("%d", (*tp)());
10:   }
11: 
12:   return !!argv[argc];
13: }
14: extern void sqlite3_backup_init();
15: int t(void) { sqlite3_backup_init(); return 0; }
/* end */

--------------------

have_func: checking for sqlite3_column_database_name()... -------------------- no

LD_LIBRARY_PATH=.:/usr/share/rbenv/versions/3.3.4/lib "gcc -o conftest -I/usr/share/rbenv/versions/3.3.4/include/ruby-3.3.0/x86_64-linux -I/usr/share/rbenv/versions/3.3.4/include/ruby-3.3.0/ruby/backward -I/usr/share/rbenv/versions/3.3.4/include/ruby-3.3.0 -I. -I/github/vendor/gems/3.3.4/ruby/3.3.0/gems/sqlite3-1.6.9/ports/x86_64-linux-gnu/sqlite3/3.44.2/include -Wdate-time -D_FORTIFY_SOURCE=2   -g -O2 -fdebug-prefix-map=/tmp/brew2deb/packages/ruby=. -fstack-protector-strong -Wformat -Werror=format-security  -fvisibility=hidden conftest.c  -L. -L/usr/share/rbenv/versions/3.3.4/lib -Wl,-rpath,/usr/share/rbenv/versions/3.3.4/lib -L. -Wl,-Bsymbolic-functions -Wl,-z,relro -fstack-protector-strong -rdynamic -Wl,-export-dynamic -L/github/vendor/gems/3.3.4/ruby/3.3.0/gems/sqlite3-1.6.9/ports/x86_64-linux-gnu/sqlite3/3.44.2/lib -L/github/vendor/gems/3.3.4/ruby/3.3.0/gems/sqlite3-1.6.9/ports/x86_64-linux-gnu/sqlite3/3.44.2/lib -lsqlite3 -lz -lm -ldl -lpthread    -lsqlite3  -lsqlite3 -Wl,-rpath,/usr/share/rbenv/versions/3.3.4/lib -L/usr/share/rbenv/versions/3.3.4/lib -lruby-static -lz -lrt -lrt -ljemalloc -lgmp -ldl -lcrypt -lm -lpthread  -lsqlite3  -lsqlite3 -lm -lpthread  -ljemalloc -lc"
conftest.c: In function ‘t’:
conftest.c:14:57: error: ‘sqlite3_column_database_name’ undeclared (first use in this function)
   14 | int t(void) { void ((*volatile p)()); p = (void ((*)()))sqlite3_column_database_name; return !p; }
      |                                                         ^~~~~~~~~~~~~~~~~~~~~~~~~~~~
conftest.c:14:57: note: each undeclared identifier is reported only once for each function it appears in
checked program was:
/* begin */
 1: #include "ruby.h"
 2: 
 3: /*top*/
 4: extern int t(void);
 5: int main(int argc, char **argv)
 6: {
 7:   if (argc > 1000000) {
 8:     int (* volatile tp)(void)=(int (*)(void))&t;
 9:     printf("%d", (*tp)());
10:   }
11: 
12:   return !!argv[argc];
13: }
14: int t(void) { void ((*volatile p)()); p = (void ((*)()))sqlite3_column_database_name; return !p; }
/* end */

LD_LIBRARY_PATH=.:/usr/share/rbenv/versions/3.3.4/lib "gcc -o conftest -I/usr/share/rbenv/versions/3.3.4/include/ruby-3.3.0/x86_64-linux -I/usr/share/rbenv/versions/3.3.4/include/ruby-3.3.0/ruby/backward -I/usr/share/rbenv/versions/3.3.4/include/ruby-3.3.0 -I. -I/github/vendor/gems/3.3.4/ruby/3.3.0/gems/sqlite3-1.6.9/ports/x86_64-linux-gnu/sqlite3/3.44.2/include -Wdate-time -D_FORTIFY_SOURCE=2   -g -O2 -fdebug-prefix-map=/tmp/brew2deb/packages/ruby=. -fstack-protector-strong -Wformat -Werror=format-security  -fvisibility=hidden conftest.c  -L. -L/usr/share/rbenv/versions/3.3.4/lib -Wl,-rpath,/usr/share/rbenv/versions/3.3.4/lib -L. -Wl,-Bsymbolic-functions -Wl,-z,relro -fstack-protector-strong -rdynamic -Wl,-export-dynamic -L/github/vendor/gems/3.3.4/ruby/3.3.0/gems/sqlite3-1.6.9/ports/x86_64-linux-gnu/sqlite3/3.44.2/lib -L/github/vendor/gems/3.3.4/ruby/3.3.0/gems/sqlite3-1.6.9/ports/x86_64-linux-gnu/sqlite3/3.44.2/lib -lsqlite3 -lz -lm -ldl -lpthread    -lsqlite3  -lsqlite3 -Wl,-rpath,/usr/share/rbenv/versions/3.3.4/lib -L/usr/share/rbenv/versions/3.3.4/lib -lruby-static -lz -lrt -lrt -ljemalloc -lgmp -ldl -lcrypt -lm -lpthread  -lsqlite3  -lsqlite3 -lm -lpthread  -ljemalloc -lc"
/usr/bin/ld: /tmp/ccTMC0hT.o: in function `t':
/github/vendor/gems/3.3.4/ruby/3.3.0/gems/sqlite3-1.6.9/ext/sqlite3/conftest.c:15: undefined reference to `sqlite3_column_database_name'
collect2: error: ld returned 1 exit status
checked program was:
/* begin */
 1: #include "ruby.h"
 2: 
 3: /*top*/
 4: extern int t(void);
 5: int main(int argc, char **argv)
 6: {
 7:   if (argc > 1000000) {
 8:     int (* volatile tp)(void)=(int (*)(void))&t;
 9:     printf("%d", (*tp)());
10:   }
11: 
12:   return !!argv[argc];
13: }
14: extern void sqlite3_column_database_name();
15: int t(void) { sqlite3_column_database_name(); return 0; }
/* end */

--------------------

have_func: checking for sqlite3_enable_load_extension()... -------------------- yes

LD_LIBRARY_PATH=.:/usr/share/rbenv/versions/3.3.4/lib "gcc -o conftest -I/usr/share/rbenv/versions/3.3.4/include/ruby-3.3.0/x86_64-linux -I/usr/share/rbenv/versions/3.3.4/include/ruby-3.3.0/ruby/backward -I/usr/share/rbenv/versions/3.3.4/include/ruby-3.3.0 -I. -I/github/vendor/gems/3.3.4/ruby/3.3.0/gems/sqlite3-1.6.9/ports/x86_64-linux-gnu/sqlite3/3.44.2/include -Wdate-time -D_FORTIFY_SOURCE=2   -g -O2 -fdebug-prefix-map=/tmp/brew2deb/packages/ruby=. -fstack-protector-strong -Wformat -Werror=format-security  -fvisibility=hidden conftest.c  -L. -L/usr/share/rbenv/versions/3.3.4/lib -Wl,-rpath,/usr/share/rbenv/versions/3.3.4/lib -L. -Wl,-Bsymbolic-functions -Wl,-z,relro -fstack-protector-strong -rdynamic -Wl,-export-dynamic -L/github/vendor/gems/3.3.4/ruby/3.3.0/gems/sqlite3-1.6.9/ports/x86_64-linux-gnu/sqlite3/3.44.2/lib -L/github/vendor/gems/3.3.4/ruby/3.3.0/gems/sqlite3-1.6.9/ports/x86_64-linux-gnu/sqlite3/3.44.2/lib -lsqlite3 -lz -lm -ldl -lpthread    -lsqlite3  -lsqlite3 -Wl,-rpath,/usr/share/rbenv/versions/3.3.4/lib -L/usr/share/rbenv/versions/3.3.4/lib -lruby-static -lz -lrt -lrt -ljemalloc -lgmp -ldl -lcrypt -lm -lpthread  -lsqlite3  -lsqlite3 -lm -lpthread  -ljemalloc -lc"
conftest.c: In function ‘t’:
conftest.c:14:57: error: ‘sqlite3_enable_load_extension’ undeclared (first use in this function)
   14 | int t(void) { void ((*volatile p)()); p = (void ((*)()))sqlite3_enable_load_extension; return !p; }
      |                                                         ^~~~~~~~~~~~~~~~~~~~~~~~~~~~~
conftest.c:14:57: note: each undeclared identifier is reported only once for each function it appears in
checked program was:
/* begin */
 1: #include "ruby.h"
 2: 
 3: /*top*/
 4: extern int t(void);
 5: int main(int argc, char **argv)
 6: {
 7:   if (argc > 1000000) {
 8:     int (* volatile tp)(void)=(int (*)(void))&t;
 9:     printf("%d", (*tp)());
10:   }
11: 
12:   return !!argv[argc];
13: }
14: int t(void) { void ((*volatile p)()); p = (void ((*)()))sqlite3_enable_load_extension; return !p; }
/* end */

LD_LIBRARY_PATH=.:/usr/share/rbenv/versions/3.3.4/lib "gcc -o conftest -I/usr/share/rbenv/versions/3.3.4/include/ruby-3.3.0/x86_64-linux -I/usr/share/rbenv/versions/3.3.4/include/ruby-3.3.0/ruby/backward -I/usr/share/rbenv/versions/3.3.4/include/ruby-3.3.0 -I. -I/github/vendor/gems/3.3.4/ruby/3.3.0/gems/sqlite3-1.6.9/ports/x86_64-linux-gnu/sqlite3/3.44.2/include -Wdate-time -D_FORTIFY_SOURCE=2   -g -O2 -fdebug-prefix-map=/tmp/brew2deb/packages/ruby=. -fstack-protector-strong -Wformat -Werror=format-security  -fvisibility=hidden conftest.c  -L. -L/usr/share/rbenv/versions/3.3.4/lib -Wl,-rpath,/usr/share/rbenv/versions/3.3.4/lib -L. -Wl,-Bsymbolic-functions -Wl,-z,relro -fstack-protector-strong -rdynamic -Wl,-export-dynamic -L/github/vendor/gems/3.3.4/ruby/3.3.0/gems/sqlite3-1.6.9/ports/x86_64-linux-gnu/sqlite3/3.44.2/lib -L/github/vendor/gems/3.3.4/ruby/3.3.0/gems/sqlite3-1.6.9/ports/x86_64-linux-gnu/sqlite3/3.44.2/lib -lsqlite3 -lz -lm -ldl -lpthread    -lsqlite3  -lsqlite3 -Wl,-rpath,/usr/share/rbenv/versions/3.3.4/lib -L/usr/share/rbenv/versions/3.3.4/lib -lruby-static -lz -lrt -lrt -ljemalloc -lgmp -ldl -lcrypt -lm -lpthread  -lsqlite3  -lsqlite3 -lm -lpthread  -ljemalloc -lc"
checked program was:
/* begin */
 1: #include "ruby.h"
 2: 
 3: /*top*/
 4: extern int t(void);
 5: int main(int argc, char **argv)
 6: {
 7:   if (argc > 1000000) {
 8:     int (* volatile tp)(void)=(int (*)(void))&t;
 9:     printf("%d", (*tp)());
10:   }
11: 
12:   return !!argv[argc];
13: }
14: extern void sqlite3_enable_load_extension();
15: int t(void) { sqlite3_enable_load_extension(); return 0; }
/* end */

--------------------

have_func: checking for sqlite3_load_extension()... -------------------- yes

LD_LIBRARY_PATH=.:/usr/share/rbenv/versions/3.3.4/lib "gcc -o conftest -I/usr/share/rbenv/versions/3.3.4/include/ruby-3.3.0/x86_64-linux -I/usr/share/rbenv/versions/3.3.4/include/ruby-3.3.0/ruby/backward -I/usr/share/rbenv/versions/3.3.4/include/ruby-3.3.0 -I. -I/github/vendor/gems/3.3.4/ruby/3.3.0/gems/sqlite3-1.6.9/ports/x86_64-linux-gnu/sqlite3/3.44.2/include -Wdate-time -D_FORTIFY_SOURCE=2   -g -O2 -fdebug-prefix-map=/tmp/brew2deb/packages/ruby=. -fstack-protector-strong -Wformat -Werror=format-security  -fvisibility=hidden conftest.c  -L. -L/usr/share/rbenv/versions/3.3.4/lib -Wl,-rpath,/usr/share/rbenv/versions/3.3.4/lib -L. -Wl,-Bsymbolic-functions -Wl,-z,relro -fstack-protector-strong -rdynamic -Wl,-export-dynamic -L/github/vendor/gems/3.3.4/ruby/3.3.0/gems/sqlite3-1.6.9/ports/x86_64-linux-gnu/sqlite3/3.44.2/lib -L/github/vendor/gems/3.3.4/ruby/3.3.0/gems/sqlite3-1.6.9/ports/x86_64-linux-gnu/sqlite3/3.44.2/lib -lsqlite3 -lz -lm -ldl -lpthread    -lsqlite3  -lsqlite3 -Wl,-rpath,/usr/share/rbenv/versions/3.3.4/lib -L/usr/share/rbenv/versions/3.3.4/lib -lruby-static -lz -lrt -lrt -ljemalloc -lgmp -ldl -lcrypt -lm -lpthread  -lsqlite3  -lsqlite3 -lm -lpthread  -ljemalloc -lc"
conftest.c: In function ‘t’:
conftest.c:14:57: error: ‘sqlite3_load_extension’ undeclared (first use in this function)
   14 | int t(void) { void ((*volatile p)()); p = (void ((*)()))sqlite3_load_extension; return !p; }
      |                                                         ^~~~~~~~~~~~~~~~~~~~~~
conftest.c:14:57: note: each undeclared identifier is reported only once for each function it appears in
checked program was:
/* begin */
 1: #include "ruby.h"
 2: 
 3: /*top*/
 4: extern int t(void);
 5: int main(int argc, char **argv)
 6: {
 7:   if (argc > 1000000) {
 8:     int (* volatile tp)(void)=(int (*)(void))&t;
 9:     printf("%d", (*tp)());
10:   }
11: 
12:   return !!argv[argc];
13: }
14: int t(void) { void ((*volatile p)()); p = (void ((*)()))sqlite3_load_extension; return !p; }
/* end */

LD_LIBRARY_PATH=.:/usr/share/rbenv/versions/3.3.4/lib "gcc -o conftest -I/usr/share/rbenv/versions/3.3.4/include/ruby-3.3.0/x86_64-linux -I/usr/share/rbenv/versions/3.3.4/include/ruby-3.3.0/ruby/backward -I/usr/share/rbenv/versions/3.3.4/include/ruby-3.3.0 -I. -I/github/vendor/gems/3.3.4/ruby/3.3.0/gems/sqlite3-1.6.9/ports/x86_64-linux-gnu/sqlite3/3.44.2/include -Wdate-time -D_FORTIFY_SOURCE=2   -g -O2 -fdebug-prefix-map=/tmp/brew2deb/packages/ruby=. -fstack-protector-strong -Wformat -Werror=format-security  -fvisibility=hidden conftest.c  -L. -L/usr/share/rbenv/versions/3.3.4/lib -Wl,-rpath,/usr/share/rbenv/versions/3.3.4/lib -L. -Wl,-Bsymbolic-functions -Wl,-z,relro -fstack-protector-strong -rdynamic -Wl,-export-dynamic -L/github/vendor/gems/3.3.4/ruby/3.3.0/gems/sqlite3-1.6.9/ports/x86_64-linux-gnu/sqlite3/3.44.2/lib -L/github/vendor/gems/3.3.4/ruby/3.3.0/gems/sqlite3-1.6.9/ports/x86_64-linux-gnu/sqlite3/3.44.2/lib -lsqlite3 -lz -lm -ldl -lpthread    -lsqlite3  -lsqlite3 -Wl,-rpath,/usr/share/rbenv/versions/3.3.4/lib -L/usr/share/rbenv/versions/3.3.4/lib -lruby-static -lz -lrt -lrt -ljemalloc -lgmp -ldl -lcrypt -lm -lpthread  -lsqlite3  -lsqlite3 -lm -lpthread  -ljemalloc -lc"
checked program was:
/* begin */
 1: #include "ruby.h"
 2: 
 3: /*top*/
 4: extern int t(void);
 5: int main(int argc, char **argv)
 6: {
 7:   if (argc > 1000000) {
 8:     int (* volatile tp)(void)=(int (*)(void))&t;
 9:     printf("%d", (*tp)());
10:   }
11: 
12:   return !!argv[argc];
13: }
14: extern void sqlite3_load_extension();
15: int t(void) { sqlite3_load_extension(); return 0; }
/* end */

--------------------

have_func: checking for sqlite3_open_v2()... -------------------- yes

LD_LIBRARY_PATH=.:/usr/share/rbenv/versions/3.3.4/lib "gcc -o conftest -I/usr/share/rbenv/versions/3.3.4/include/ruby-3.3.0/x86_64-linux -I/usr/share/rbenv/versions/3.3.4/include/ruby-3.3.0/ruby/backward -I/usr/share/rbenv/versions/3.3.4/include/ruby-3.3.0 -I. -I/github/vendor/gems/3.3.4/ruby/3.3.0/gems/sqlite3-1.6.9/ports/x86_64-linux-gnu/sqlite3/3.44.2/include -Wdate-time -D_FORTIFY_SOURCE=2   -g -O2 -fdebug-prefix-map=/tmp/brew2deb/packages/ruby=. -fstack-protector-strong -Wformat -Werror=format-security  -fvisibility=hidden conftest.c  -L. -L/usr/share/rbenv/versions/3.3.4/lib -Wl,-rpath,/usr/share/rbenv/versions/3.3.4/lib -L. -Wl,-Bsymbolic-functions -Wl,-z,relro -fstack-protector-strong -rdynamic -Wl,-export-dynamic -L/github/vendor/gems/3.3.4/ruby/3.3.0/gems/sqlite3-1.6.9/ports/x86_64-linux-gnu/sqlite3/3.44.2/lib -L/github/vendor/gems/3.3.4/ruby/3.3.0/gems/sqlite3-1.6.9/ports/x86_64-linux-gnu/sqlite3/3.44.2/lib -lsqlite3 -lz -lm -ldl -lpthread    -lsqlite3  -lsqlite3 -Wl,-rpath,/usr/share/rbenv/versions/3.3.4/lib -L/usr/share/rbenv/versions/3.3.4/lib -lruby-static -lz -lrt -lrt -ljemalloc -lgmp -ldl -lcrypt -lm -lpthread  -lsqlite3  -lsqlite3 -lm -lpthread  -ljemalloc -lc"
conftest.c: In function ‘t’:
conftest.c:14:57: error: ‘sqlite3_open_v2’ undeclared (first use in this function)
   14 | int t(void) { void ((*volatile p)()); p = (void ((*)()))sqlite3_open_v2; return !p; }
      |                                                         ^~~~~~~~~~~~~~~
conftest.c:14:57: note: each undeclared identifier is reported only once for each function it appears in
checked program was:
/* begin */
 1: #include "ruby.h"
 2: 
 3: /*top*/
 4: extern int t(void);
 5: int main(int argc, char **argv)
 6: {
 7:   if (argc > 1000000) {
 8:     int (* volatile tp)(void)=(int (*)(void))&t;
 9:     printf("%d", (*tp)());
10:   }
11: 
12:   return !!argv[argc];
13: }
14: int t(void) { void ((*volatile p)()); p = (void ((*)()))sqlite3_open_v2; return !p; }
/* end */

LD_LIBRARY_PATH=.:/usr/share/rbenv/versions/3.3.4/lib "gcc -o conftest -I/usr/share/rbenv/versions/3.3.4/include/ruby-3.3.0/x86_64-linux -I/usr/share/rbenv/versions/3.3.4/include/ruby-3.3.0/ruby/backward -I/usr/share/rbenv/versions/3.3.4/include/ruby-3.3.0 -I. -I/github/vendor/gems/3.3.4/ruby/3.3.0/gems/sqlite3-1.6.9/ports/x86_64-linux-gnu/sqlite3/3.44.2/include -Wdate-time -D_FORTIFY_SOURCE=2   -g -O2 -fdebug-prefix-map=/tmp/brew2deb/packages/ruby=. -fstack-protector-strong -Wformat -Werror=format-security  -fvisibility=hidden conftest.c  -L. -L/usr/share/rbenv/versions/3.3.4/lib -Wl,-rpath,/usr/share/rbenv/versions/3.3.4/lib -L. -Wl,-Bsymbolic-functions -Wl,-z,relro -fstack-protector-strong -rdynamic -Wl,-export-dynamic -L/github/vendor/gems/3.3.4/ruby/3.3.0/gems/sqlite3-1.6.9/ports/x86_64-linux-gnu/sqlite3/3.44.2/lib -L/github/vendor/gems/3.3.4/ruby/3.3.0/gems/sqlite3-1.6.9/ports/x86_64-linux-gnu/sqlite3/3.44.2/lib -lsqlite3 -lz -lm -ldl -lpthread    -lsqlite3  -lsqlite3 -Wl,-rpath,/usr/share/rbenv/versions/3.3.4/lib -L/usr/share/rbenv/versions/3.3.4/lib -lruby-static -lz -lrt -lrt -ljemalloc -lgmp -ldl -lcrypt -lm -lpthread  -lsqlite3  -lsqlite3 -lm -lpthread  -ljemalloc -lc"
checked program was:
/* begin */
 1: #include "ruby.h"
 2: 
 3: /*top*/
 4: extern int t(void);
 5: int main(int argc, char **argv)
 6: {
 7:   if (argc > 1000000) {
 8:     int (* volatile tp)(void)=(int (*)(void))&t;
 9:     printf("%d", (*tp)());
10:   }
11: 
12:   return !!argv[argc];
13: }
14: extern void sqlite3_open_v2();
15: int t(void) { sqlite3_open_v2(); return 0; }
/* end */

--------------------

have_func: checking for sqlite3_prepare_v2()... -------------------- yes

LD_LIBRARY_PATH=.:/usr/share/rbenv/versions/3.3.4/lib "gcc -o conftest -I/usr/share/rbenv/versions/3.3.4/include/ruby-3.3.0/x86_64-linux -I/usr/share/rbenv/versions/3.3.4/include/ruby-3.3.0/ruby/backward -I/usr/share/rbenv/versions/3.3.4/include/ruby-3.3.0 -I. -I/github/vendor/gems/3.3.4/ruby/3.3.0/gems/sqlite3-1.6.9/ports/x86_64-linux-gnu/sqlite3/3.44.2/include -Wdate-time -D_FORTIFY_SOURCE=2   -g -O2 -fdebug-prefix-map=/tmp/brew2deb/packages/ruby=. -fstack-protector-strong -Wformat -Werror=format-security  -fvisibility=hidden conftest.c  -L. -L/usr/share/rbenv/versions/3.3.4/lib -Wl,-rpath,/usr/share/rbenv/versions/3.3.4/lib -L. -Wl,-Bsymbolic-functions -Wl,-z,relro -fstack-protector-strong -rdynamic -Wl,-export-dynamic -L/github/vendor/gems/3.3.4/ruby/3.3.0/gems/sqlite3-1.6.9/ports/x86_64-linux-gnu/sqlite3/3.44.2/lib -L/github/vendor/gems/3.3.4/ruby/3.3.0/gems/sqlite3-1.6.9/ports/x86_64-linux-gnu/sqlite3/3.44.2/lib -lsqlite3 -lz -lm -ldl -lpthread    -lsqlite3  -lsqlite3 -Wl,-rpath,/usr/share/rbenv/versions/3.3.4/lib -L/usr/share/rbenv/versions/3.3.4/lib -lruby-static -lz -lrt -lrt -ljemalloc -lgmp -ldl -lcrypt -lm -lpthread  -lsqlite3  -lsqlite3 -lm -lpthread  -ljemalloc -lc"
conftest.c: In function ‘t’:
conftest.c:14:57: error: ‘sqlite3_prepare_v2’ undeclared (first use in this function)
   14 | int t(void) { void ((*volatile p)()); p = (void ((*)()))sqlite3_prepare_v2; return !p; }
      |                                                         ^~~~~~~~~~~~~~~~~~
conftest.c:14:57: note: each undeclared identifier is reported only once for each function it appears in
checked program was:
/* begin */
 1: #include "ruby.h"
 2: 
 3: /*top*/
 4: extern int t(void);
 5: int main(int argc, char **argv)
 6: {
 7:   if (argc > 1000000) {
 8:     int (* volatile tp)(void)=(int (*)(void))&t;
 9:     printf("%d", (*tp)());
10:   }
11: 
12:   return !!argv[argc];
13: }
14: int t(void) { void ((*volatile p)()); p = (void ((*)()))sqlite3_prepare_v2; return !p; }
/* end */

LD_LIBRARY_PATH=.:/usr/share/rbenv/versions/3.3.4/lib "gcc -o conftest -I/usr/share/rbenv/versions/3.3.4/include/ruby-3.3.0/x86_64-linux -I/usr/share/rbenv/versions/3.3.4/include/ruby-3.3.0/ruby/backward -I/usr/share/rbenv/versions/3.3.4/include/ruby-3.3.0 -I. -I/github/vendor/gems/3.3.4/ruby/3.3.0/gems/sqlite3-1.6.9/ports/x86_64-linux-gnu/sqlite3/3.44.2/include -Wdate-time -D_FORTIFY_SOURCE=2   -g -O2 -fdebug-prefix-map=/tmp/brew2deb/packages/ruby=. -fstack-protector-strong -Wformat -Werror=format-security  -fvisibility=hidden conftest.c  -L. -L/usr/share/rbenv/versions/3.3.4/lib -Wl,-rpath,/usr/share/rbenv/versions/3.3.4/lib -L. -Wl,-Bsymbolic-functions -Wl,-z,relro -fstack-protector-strong -rdynamic -Wl,-export-dynamic -L/github/vendor/gems/3.3.4/ruby/3.3.0/gems/sqlite3-1.6.9/ports/x86_64-linux-gnu/sqlite3/3.44.2/lib -L/github/vendor/gems/3.3.4/ruby/3.3.0/gems/sqlite3-1.6.9/ports/x86_64-linux-gnu/sqlite3/3.44.2/lib -lsqlite3 -lz -lm -ldl -lpthread    -lsqlite3  -lsqlite3 -Wl,-rpath,/usr/share/rbenv/versions/3.3.4/lib -L/usr/share/rbenv/versions/3.3.4/lib -lruby-static -lz -lrt -lrt -ljemalloc -lgmp -ldl -lcrypt -lm -lpthread  -lsqlite3  -lsqlite3 -lm -lpthread  -ljemalloc -lc"
checked program was:
/* begin */
 1: #include "ruby.h"
 2: 
 3: /*top*/
 4: extern int t(void);
 5: int main(int argc, char **argv)
 6: {
 7:   if (argc > 1000000) {
 8:     int (* volatile tp)(void)=(int (*)(void))&t;
 9:     printf("%d", (*tp)());
10:   }
11: 
12:   return !!argv[argc];
13: }
14: extern void sqlite3_prepare_v2();
15: int t(void) { sqlite3_prepare_v2(); return 0; }
/* end */

--------------------

have_type: checking for sqlite3_int64 in sqlite3.h... -------------------- yes

LD_LIBRARY_PATH=.:/usr/share/rbenv/versions/3.3.4/lib "gcc -I/usr/share/rbenv/versions/3.3.4/include/ruby-3.3.0/x86_64-linux -I/usr/share/rbenv/versions/3.3.4/include/ruby-3.3.0/ruby/backward -I/usr/share/rbenv/versions/3.3.4/include/ruby-3.3.0 -I. -I/github/vendor/gems/3.3.4/ruby/3.3.0/gems/sqlite3-1.6.9/ports/x86_64-linux-gnu/sqlite3/3.44.2/include -Wdate-time -D_FORTIFY_SOURCE=2   -g -O2 -fdebug-prefix-map=/tmp/brew2deb/packages/ruby=. -fstack-protector-strong -Wformat -Werror=format-security  -fvisibility=hidden   -c conftest.c"
checked program was:
/* begin */
1: #include "ruby.h"
2: 
3: #include <sqlite3.h>
4: 
5: /*top*/
6: typedef sqlite3_int64 conftest_type;
7: int conftestval[sizeof(conftest_type)?1:-1];
/* end */

--------------------

have_type: checking for sqlite3_uint64 in sqlite3.h... -------------------- yes

LD_LIBRARY_PATH=.:/usr/share/rbenv/versions/3.3.4/lib "gcc -I/usr/share/rbenv/versions/3.3.4/include/ruby-3.3.0/x86_64-linux -I/usr/share/rbenv/versions/3.3.4/include/ruby-3.3.0/ruby/backward -I/usr/share/rbenv/versions/3.3.4/include/ruby-3.3.0 -I. -I/github/vendor/gems/3.3.4/ruby/3.3.0/gems/sqlite3-1.6.9/ports/x86_64-linux-gnu/sqlite3/3.44.2/include -Wdate-time -D_FORTIFY_SOURCE=2   -g -O2 -fdebug-prefix-map=/tmp/brew2deb/packages/ruby=. -fstack-protector-strong -Wformat -Werror=format-security  -fvisibility=hidden   -c conftest.c"
checked program was:
/* begin */
1: #include "ruby.h"
2: 
3: #include <sqlite3.h>
4: 
5: /*top*/
6: typedef sqlite3_uint64 conftest_type;
7: int conftestval[sizeof(conftest_type)?1:-1];
/* end */

--------------------

