Performing C SOURCE FILE Test CMAKE_HAVE_LIBC_PTHREAD failed with the following output:
Change Dir: /github/vendor/gems/3.3.4/ruby/3.3.0/gems/rugged-1.4.3.102.ga6b7142/vendor/libgit2/build/CMakeFiles/CMakeTmp

Run Build Command(s):/usr/bin/make cmTC_197ce/fast && /usr/bin/make -f CMakeFiles/cmTC_197ce.dir/build.make CMakeFiles/cmTC_197ce.dir/build
make[1]: Entering directory '/github/vendor/gems/3.3.4/ruby/3.3.0/gems/rugged-1.4.3.102.ga6b7142/vendor/libgit2/build/CMakeFiles/CMakeTmp'
Building C object CMakeFiles/cmTC_197ce.dir/src.c.o
/usr/bin/gcc   -fPIC -DCMAKE_HAVE_LIBC_PTHREAD   -o CMakeFiles/cmTC_197ce.dir/src.c.o   -c /github/vendor/gems/3.3.4/ruby/3.3.0/gems/rugged-1.4.3.102.ga6b7142/vendor/libgit2/build/CMakeFiles/CMakeTmp/src.c
Linking C executable cmTC_197ce
/usr/bin/cmake -E cmake_link_script CMakeFiles/cmTC_197ce.dir/link.txt --verbose=1
/usr/bin/gcc -fPIC -DCMAKE_HAVE_LIBC_PTHREAD    CMakeFiles/cmTC_197ce.dir/src.c.o  -o cmTC_197ce 
/usr/bin/ld: CMakeFiles/cmTC_197ce.dir/src.c.o: in function `main':
src.c:(.text+0x46): undefined reference to `pthread_create'
/usr/bin/ld: src.c:(.text+0x52): undefined reference to `pthread_detach'
/usr/bin/ld: src.c:(.text+0x63): undefined reference to `pthread_join'
collect2: error: ld returned 1 exit status
make[1]: *** [CMakeFiles/cmTC_197ce.dir/build.make:87: cmTC_197ce] Error 1
make[1]: Leaving directory '/github/vendor/gems/3.3.4/ruby/3.3.0/gems/rugged-1.4.3.102.ga6b7142/vendor/libgit2/build/CMakeFiles/CMakeTmp'
make: *** [Makefile:121: cmTC_197ce/fast] Error 2


Source file was:
#include <pthread.h>

void* test_func(void* data)
{
  return data;
}

int main(void)
{
  pthread_t thread;
  pthread_create(&thread, NULL, test_func, NULL);
  pthread_detach(thread);
  pthread_join(thread, NULL);
  pthread_atfork(NULL, NULL, NULL);
  pthread_exit(NULL);

  return 0;
}

Determining if the function pthread_create exists in the pthreads failed with the following output:
Change Dir: /github/vendor/gems/3.3.4/ruby/3.3.0/gems/rugged-1.4.3.102.ga6b7142/vendor/libgit2/build/CMakeFiles/CMakeTmp

Run Build Command(s):/usr/bin/make cmTC_e6dc8/fast && /usr/bin/make -f CMakeFiles/cmTC_e6dc8.dir/build.make CMakeFiles/cmTC_e6dc8.dir/build
make[1]: Entering directory '/github/vendor/gems/3.3.4/ruby/3.3.0/gems/rugged-1.4.3.102.ga6b7142/vendor/libgit2/build/CMakeFiles/CMakeTmp'
Building C object CMakeFiles/cmTC_e6dc8.dir/CheckFunctionExists.c.o
/usr/bin/gcc   -fPIC -DCHECK_FUNCTION_EXISTS=pthread_create   -o CMakeFiles/cmTC_e6dc8.dir/CheckFunctionExists.c.o   -c /usr/share/cmake-3.16/Modules/CheckFunctionExists.c
Linking C executable cmTC_e6dc8
/usr/bin/cmake -E cmake_link_script CMakeFiles/cmTC_e6dc8.dir/link.txt --verbose=1
/usr/bin/gcc -fPIC -DCHECK_FUNCTION_EXISTS=pthread_create    CMakeFiles/cmTC_e6dc8.dir/CheckFunctionExists.c.o  -o cmTC_e6dc8  -lpthreads 
/usr/bin/ld: cannot find -lpthreads
collect2: error: ld returned 1 exit status
make[1]: *** [CMakeFiles/cmTC_e6dc8.dir/build.make:87: cmTC_e6dc8] Error 1
make[1]: Leaving directory '/github/vendor/gems/3.3.4/ruby/3.3.0/gems/rugged-1.4.3.102.ga6b7142/vendor/libgit2/build/CMakeFiles/CMakeTmp'
make: *** [Makefile:121: cmTC_e6dc8/fast] Error 2



Performing C SOURCE FILE Test HAVE_STRUCT_STAT_ST_MTIMESPEC failed with the following output:
Change Dir: /github/vendor/gems/3.3.4/ruby/3.3.0/gems/rugged-1.4.3.102.ga6b7142/vendor/libgit2/build/CMakeFiles/CMakeTmp

Run Build Command(s):/usr/bin/make cmTC_1157a/fast && /usr/bin/make -f CMakeFiles/cmTC_1157a.dir/build.make CMakeFiles/cmTC_1157a.dir/build
make[1]: Entering directory '/github/vendor/gems/3.3.4/ruby/3.3.0/gems/rugged-1.4.3.102.ga6b7142/vendor/libgit2/build/CMakeFiles/CMakeTmp'
Building C object CMakeFiles/cmTC_1157a.dir/src.c.o
/usr/bin/gcc   -fPIC -DHAVE_STRUCT_STAT_ST_MTIMESPEC   -o CMakeFiles/cmTC_1157a.dir/src.c.o   -c /github/vendor/gems/3.3.4/ruby/3.3.0/gems/rugged-1.4.3.102.ga6b7142/vendor/libgit2/build/CMakeFiles/CMakeTmp/src.c
/github/vendor/gems/3.3.4/ruby/3.3.0/gems/rugged-1.4.3.102.ga6b7142/vendor/libgit2/build/CMakeFiles/CMakeTmp/src.c: In function ‘main’:
/github/vendor/gems/3.3.4/ruby/3.3.0/gems/rugged-1.4.3.102.ga6b7142/vendor/libgit2/build/CMakeFiles/CMakeTmp/src.c:7:34: error: ‘struct stat’ has no member named ‘st_mtimespec’
    7 |   (void)sizeof(((struct stat *)0)->st_mtimespec);
      |                                  ^~
make[1]: *** [CMakeFiles/cmTC_1157a.dir/build.make:66: CMakeFiles/cmTC_1157a.dir/src.c.o] Error 1
make[1]: Leaving directory '/github/vendor/gems/3.3.4/ruby/3.3.0/gems/rugged-1.4.3.102.ga6b7142/vendor/libgit2/build/CMakeFiles/CMakeTmp'
make: *** [Makefile:121: cmTC_1157a/fast] Error 2


Source file was:

#include <sys/types.h>
#include <sys/stat.h>

int main()
{
  (void)sizeof(((struct stat *)0)->st_mtimespec);
  return 0;
}

Performing C SOURCE FILE Test HAVE_STRUCT_STAT_MTIME_NSEC failed with the following output:
Change Dir: /github/vendor/gems/3.3.4/ruby/3.3.0/gems/rugged-1.4.3.102.ga6b7142/vendor/libgit2/build/CMakeFiles/CMakeTmp

Run Build Command(s):/usr/bin/make cmTC_1611d/fast && /usr/bin/make -f CMakeFiles/cmTC_1611d.dir/build.make CMakeFiles/cmTC_1611d.dir/build
make[1]: Entering directory '/github/vendor/gems/3.3.4/ruby/3.3.0/gems/rugged-1.4.3.102.ga6b7142/vendor/libgit2/build/CMakeFiles/CMakeTmp'
Building C object CMakeFiles/cmTC_1611d.dir/src.c.o
/usr/bin/gcc   -fPIC -DHAVE_STRUCT_STAT_MTIME_NSEC   -o CMakeFiles/cmTC_1611d.dir/src.c.o   -c /github/vendor/gems/3.3.4/ruby/3.3.0/gems/rugged-1.4.3.102.ga6b7142/vendor/libgit2/build/CMakeFiles/CMakeTmp/src.c
/github/vendor/gems/3.3.4/ruby/3.3.0/gems/rugged-1.4.3.102.ga6b7142/vendor/libgit2/build/CMakeFiles/CMakeTmp/src.c: In function ‘main’:
/github/vendor/gems/3.3.4/ruby/3.3.0/gems/rugged-1.4.3.102.ga6b7142/vendor/libgit2/build/CMakeFiles/CMakeTmp/src.c:6:34: error: ‘struct stat’ has no member named ‘st_mtime_nsec’
    6 |   (void)sizeof(((struct stat *)0)->st_mtime_nsec);
      |                                  ^~
make[1]: *** [CMakeFiles/cmTC_1611d.dir/build.make:66: CMakeFiles/cmTC_1611d.dir/src.c.o] Error 1
make[1]: Leaving directory '/github/vendor/gems/3.3.4/ruby/3.3.0/gems/rugged-1.4.3.102.ga6b7142/vendor/libgit2/build/CMakeFiles/CMakeTmp'
make: *** [Makefile:121: cmTC_1611d/fast] Error 2


Source file was:

#include <sys/stat.h>

int main()
{
  (void)sizeof(((struct stat *)0)->st_mtime_nsec);
  return 0;
}

Performing C SOURCE FILE Test IS_WDOCUMENTATION_SUPPORTED failed with the following output:
Change Dir: /github/vendor/gems/3.3.4/ruby/3.3.0/gems/rugged-1.4.3.102.ga6b7142/vendor/libgit2/build/CMakeFiles/CMakeTmp

Run Build Command(s):/usr/bin/make cmTC_6d2d6/fast && /usr/bin/make -f CMakeFiles/cmTC_6d2d6.dir/build.make CMakeFiles/cmTC_6d2d6.dir/build
make[1]: Entering directory '/github/vendor/gems/3.3.4/ruby/3.3.0/gems/rugged-1.4.3.102.ga6b7142/vendor/libgit2/build/CMakeFiles/CMakeTmp'
Building C object CMakeFiles/cmTC_6d2d6.dir/src.c.o
/usr/bin/gcc   -D_GNU_SOURCE -fPIC -Wall -Wextra -DIS_WDOCUMENTATION_SUPPORTED   -Wdocumentation -o CMakeFiles/cmTC_6d2d6.dir/src.c.o   -c /github/vendor/gems/3.3.4/ruby/3.3.0/gems/rugged-1.4.3.102.ga6b7142/vendor/libgit2/build/CMakeFiles/CMakeTmp/src.c
gcc: error: unrecognized command line option '-Wdocumentation'
make[1]: *** [CMakeFiles/cmTC_6d2d6.dir/build.make:66: CMakeFiles/cmTC_6d2d6.dir/src.c.o] Error 1
make[1]: Leaving directory '/github/vendor/gems/3.3.4/ruby/3.3.0/gems/rugged-1.4.3.102.ga6b7142/vendor/libgit2/build/CMakeFiles/CMakeTmp'
make: *** [Makefile:121: cmTC_6d2d6/fast] Error 2


Source file was:
int main(void) { return 0; }
Performing C SOURCE FILE Test IS_WC11_EXTENSIONS_SUPPORTED failed with the following output:
Change Dir: /github/vendor/gems/3.3.4/ruby/3.3.0/gems/rugged-1.4.3.102.ga6b7142/vendor/libgit2/build/CMakeFiles/CMakeTmp

Run Build Command(s):/usr/bin/make cmTC_faa60/fast && /usr/bin/make -f CMakeFiles/cmTC_faa60.dir/build.make CMakeFiles/cmTC_faa60.dir/build
make[1]: Entering directory '/github/vendor/gems/3.3.4/ruby/3.3.0/gems/rugged-1.4.3.102.ga6b7142/vendor/libgit2/build/CMakeFiles/CMakeTmp'
Building C object CMakeFiles/cmTC_faa60.dir/src.c.o
/usr/bin/gcc   -D_GNU_SOURCE -fPIC -Wall -Wextra -Wno-documentation-deprecated-sync -Wno-missing-field-initializers -Wmissing-declarations -Wstrict-aliasing -Wstrict-prototypes -Wdeclaration-after-statement -Wshift-count-overflow -Wunused-const-variable -Wunused-function -Wint-conversion -DIS_WC11_EXTENSIONS_SUPPORTED   -Wc11-extensions -o CMakeFiles/cmTC_faa60.dir/src.c.o   -c /github/vendor/gems/3.3.4/ruby/3.3.0/gems/rugged-1.4.3.102.ga6b7142/vendor/libgit2/build/CMakeFiles/CMakeTmp/src.c
gcc: error: unrecognized command line option '-Wc11-extensions'; did you mean '-fms-extensions'?
make[1]: *** [CMakeFiles/cmTC_faa60.dir/build.make:66: CMakeFiles/cmTC_faa60.dir/src.c.o] Error 1
make[1]: Leaving directory '/github/vendor/gems/3.3.4/ruby/3.3.0/gems/rugged-1.4.3.102.ga6b7142/vendor/libgit2/build/CMakeFiles/CMakeTmp'
make: *** [Makefile:121: cmTC_faa60/fast] Error 2


Source file was:
int main(void) { return 0; }
Determining if the prototype qsort_r exists for GIT_QSORT_R_BSD failed with the following output:
Change Dir: /github/vendor/gems/3.3.4/ruby/3.3.0/gems/rugged-1.4.3.102.ga6b7142/vendor/libgit2/build/CMakeFiles/CMakeTmp

Run Build Command(s):/usr/bin/make cmTC_3bab6/fast && /usr/bin/make -f CMakeFiles/cmTC_3bab6.dir/build.make CMakeFiles/cmTC_3bab6.dir/build
make[1]: Entering directory '/github/vendor/gems/3.3.4/ruby/3.3.0/gems/rugged-1.4.3.102.ga6b7142/vendor/libgit2/build/CMakeFiles/CMakeTmp'
Building C object CMakeFiles/cmTC_3bab6.dir/CheckPrototypeDefinition.c.o
/usr/bin/gcc   -D_GNU_SOURCE -fPIC -Wall -Wextra -Wno-documentation-deprecated-sync -Wno-missing-field-initializers -Wmissing-declarations -Wstrict-aliasing -Wstrict-prototypes -Wdeclaration-after-statement -Wshift-count-overflow -Wunused-const-variable -Wunused-function -Wint-conversion -Wc99-c11-compat -Wformat -Wformat-security    -o CMakeFiles/cmTC_3bab6.dir/CheckPrototypeDefinition.c.o   -c /github/vendor/gems/3.3.4/ruby/3.3.0/gems/rugged-1.4.3.102.ga6b7142/vendor/libgit2/build/CMakeFiles/CMakeTmp/CheckPrototypeDefinition.c
/github/vendor/gems/3.3.4/ruby/3.3.0/gems/rugged-1.4.3.102.ga6b7142/vendor/libgit2/build/CMakeFiles/CMakeTmp/CheckPrototypeDefinition.c:14:6: error: conflicting types for ‘qsort_r’
   14 | void qsort_r(void *base, size_t nmemb, size_t size, void *thunk, int (*compar)(void *, const void *, const void *)) {
      |      ^~~~~~~
In file included from /github/vendor/gems/3.3.4/ruby/3.3.0/gems/rugged-1.4.3.102.ga6b7142/vendor/libgit2/build/CMakeFiles/CMakeTmp/CheckPrototypeDefinition.c:1:
/usr/include/stdlib.h:833:13: note: previous declaration of ‘qsort_r’ was here
  833 | extern void qsort_r (void *__base, size_t __nmemb, size_t __size,
      |             ^~~~~~~
/github/vendor/gems/3.3.4/ruby/3.3.0/gems/rugged-1.4.3.102.ga6b7142/vendor/libgit2/build/CMakeFiles/CMakeTmp/CheckPrototypeDefinition.c: In function ‘qsort_r’:
/github/vendor/gems/3.3.4/ruby/3.3.0/gems/rugged-1.4.3.102.ga6b7142/vendor/libgit2/build/CMakeFiles/CMakeTmp/CheckPrototypeDefinition.c:14:20: warning: unused parameter ‘base’ [-Wunused-parameter]
   14 | void qsort_r(void *base, size_t nmemb, size_t size, void *thunk, int (*compar)(void *, const void *, const void *)) {
      |              ~~~~~~^~~~
/github/vendor/gems/3.3.4/ruby/3.3.0/gems/rugged-1.4.3.102.ga6b7142/vendor/libgit2/build/CMakeFiles/CMakeTmp/CheckPrototypeDefinition.c:14:33: warning: unused parameter ‘nmemb’ [-Wunused-parameter]
   14 | void qsort_r(void *base, size_t nmemb, size_t size, void *thunk, int (*compar)(void *, const void *, const void *)) {
      |                          ~~~~~~~^~~~~
/github/vendor/gems/3.3.4/ruby/3.3.0/gems/rugged-1.4.3.102.ga6b7142/vendor/libgit2/build/CMakeFiles/CMakeTmp/CheckPrototypeDefinition.c:14:47: warning: unused parameter ‘size’ [-Wunused-parameter]
   14 | void qsort_r(void *base, size_t nmemb, size_t size, void *thunk, int (*compar)(void *, const void *, const void *)) {
      |                                        ~~~~~~~^~~~
/github/vendor/gems/3.3.4/ruby/3.3.0/gems/rugged-1.4.3.102.ga6b7142/vendor/libgit2/build/CMakeFiles/CMakeTmp/CheckPrototypeDefinition.c:14:59: warning: unused parameter ‘thunk’ [-Wunused-parameter]
   14 | void qsort_r(void *base, size_t nmemb, size_t size, void *thunk, int (*compar)(void *, const void *, const void *)) {
      |                                                     ~~~~~~^~~~~
/github/vendor/gems/3.3.4/ruby/3.3.0/gems/rugged-1.4.3.102.ga6b7142/vendor/libgit2/build/CMakeFiles/CMakeTmp/CheckPrototypeDefinition.c:14:72: warning: unused parameter ‘compar’ [-Wunused-parameter]
   14 | void qsort_r(void *base, size_t nmemb, size_t size, void *thunk, int (*compar)(void *, const void *, const void *)) {
      |                                                                  ~~~~~~^~~~~~~~~~~~~~~~~~~~~~~~~~~~~~~~~~~~~~~~~~~
/github/vendor/gems/3.3.4/ruby/3.3.0/gems/rugged-1.4.3.102.ga6b7142/vendor/libgit2/build/CMakeFiles/CMakeTmp/CheckPrototypeDefinition.c: At top level:
cc1: warning: unrecognized command line option ‘-Wno-documentation-deprecated-sync’
make[1]: *** [CMakeFiles/cmTC_3bab6.dir/build.make:66: CMakeFiles/cmTC_3bab6.dir/CheckPrototypeDefinition.c.o] Error 1
make[1]: Leaving directory '/github/vendor/gems/3.3.4/ruby/3.3.0/gems/rugged-1.4.3.102.ga6b7142/vendor/libgit2/build/CMakeFiles/CMakeTmp'
make: *** [Makefile:121: cmTC_3bab6/fast] Error 2



#include <stdlib.h>


static void cmakeRequireSymbol(int dummy, ...) {
  (void) dummy;
}

static void checkSymbol(void) {
#ifndef qsort_r
  cmakeRequireSymbol(0, &qsort_r);
#endif
}

void qsort_r(void *base, size_t nmemb, size_t size, void *thunk, int (*compar)(void *, const void *, const void *)) {
  return ;
}

#ifdef __CLASSIC_C__
int main() {
  int ac;
  char*av[];
#else
int main(int ac, char *av[]) {
#endif
  checkSymbol();
  if (ac > 1000) {
    return *av[0];
  }
  return 0;
}


Determining if the function qsort_s exists failed with the following output:
Change Dir: /github/vendor/gems/3.3.4/ruby/3.3.0/gems/rugged-1.4.3.102.ga6b7142/vendor/libgit2/build/CMakeFiles/CMakeTmp

Run Build Command(s):/usr/bin/make cmTC_06457/fast && /usr/bin/make -f CMakeFiles/cmTC_06457.dir/build.make CMakeFiles/cmTC_06457.dir/build
make[1]: Entering directory '/github/vendor/gems/3.3.4/ruby/3.3.0/gems/rugged-1.4.3.102.ga6b7142/vendor/libgit2/build/CMakeFiles/CMakeTmp'
Building C object CMakeFiles/cmTC_06457.dir/CheckFunctionExists.c.o
/usr/bin/gcc   -D_GNU_SOURCE -fPIC -Wall -Wextra -Wno-documentation-deprecated-sync -Wno-missing-field-initializers -Wmissing-declarations -Wstrict-aliasing -Wstrict-prototypes -Wdeclaration-after-statement -Wshift-count-overflow -Wunused-const-variable -Wunused-function -Wint-conversion -Wc99-c11-compat -Wformat -Wformat-security -DCHECK_FUNCTION_EXISTS=qsort_s   -o CMakeFiles/cmTC_06457.dir/CheckFunctionExists.c.o   -c /usr/share/cmake-3.16/Modules/CheckFunctionExists.c
Linking C executable cmTC_06457
/usr/bin/cmake -E cmake_link_script CMakeFiles/cmTC_06457.dir/link.txt --verbose=1
/usr/bin/gcc -D_GNU_SOURCE -fPIC -Wall -Wextra -Wno-documentation-deprecated-sync -Wno-missing-field-initializers -Wmissing-declarations -Wstrict-aliasing -Wstrict-prototypes -Wdeclaration-after-statement -Wshift-count-overflow -Wunused-const-variable -Wunused-function -Wint-conversion -Wc99-c11-compat -Wformat -Wformat-security -DCHECK_FUNCTION_EXISTS=qsort_s    CMakeFiles/cmTC_06457.dir/CheckFunctionExists.c.o  -o cmTC_06457 
/usr/bin/ld: CMakeFiles/cmTC_06457.dir/CheckFunctionExists.c.o: in function `main':
CheckFunctionExists.c:(.text+0x14): undefined reference to `qsort_s'
collect2: error: ld returned 1 exit status
make[1]: *** [CMakeFiles/cmTC_06457.dir/build.make:87: cmTC_06457] Error 1
make[1]: Leaving directory '/github/vendor/gems/3.3.4/ruby/3.3.0/gems/rugged-1.4.3.102.ga6b7142/vendor/libgit2/build/CMakeFiles/CMakeTmp'
make: *** [Makefile:121: cmTC_06457/fast] Error 2



Determining if the include file windows.h exists failed with the following output:
Change Dir: /github/vendor/gems/3.3.4/ruby/3.3.0/gems/rugged-1.4.3.102.ga6b7142/vendor/libgit2/build/CMakeFiles/CMakeTmp

Run Build Command(s):/usr/bin/make cmTC_82698/fast && /usr/bin/make -f CMakeFiles/cmTC_82698.dir/build.make CMakeFiles/cmTC_82698.dir/build
make[1]: Entering directory '/github/vendor/gems/3.3.4/ruby/3.3.0/gems/rugged-1.4.3.102.ga6b7142/vendor/libgit2/build/CMakeFiles/CMakeTmp'
Building C object CMakeFiles/cmTC_82698.dir/CheckIncludeFile.c.o
/usr/bin/gcc   -D_GNU_SOURCE -fPIC -Wall -Wextra -Wno-documentation-deprecated-sync -Wno-missing-field-initializers -Wmissing-declarations -Wstrict-aliasing -Wstrict-prototypes -Wdeclaration-after-statement -Wshift-count-overflow -Wunused-const-variable -Wunused-function -Wint-conversion -Wc99-c11-compat -Wformat -Wformat-security    -o CMakeFiles/cmTC_82698.dir/CheckIncludeFile.c.o   -c /github/vendor/gems/3.3.4/ruby/3.3.0/gems/rugged-1.4.3.102.ga6b7142/vendor/libgit2/build/CMakeFiles/CMakeTmp/CheckIncludeFile.c
/github/vendor/gems/3.3.4/ruby/3.3.0/gems/rugged-1.4.3.102.ga6b7142/vendor/libgit2/build/CMakeFiles/CMakeTmp/CheckIncludeFile.c:1:10: fatal error: windows.h: No such file or directory
    1 | #include <windows.h>
      |          ^~~~~~~~~~~
compilation terminated.
make[1]: *** [CMakeFiles/cmTC_82698.dir/build.make:66: CMakeFiles/cmTC_82698.dir/CheckIncludeFile.c.o] Error 1
make[1]: Leaving directory '/github/vendor/gems/3.3.4/ruby/3.3.0/gems/rugged-1.4.3.102.ga6b7142/vendor/libgit2/build/CMakeFiles/CMakeTmp'
make: *** [Makefile:121: cmTC_82698/fast] Error 2



Determining if the function _strtoi64 exists failed with the following output:
Change Dir: /github/vendor/gems/3.3.4/ruby/3.3.0/gems/rugged-1.4.3.102.ga6b7142/vendor/libgit2/build/CMakeFiles/CMakeTmp

Run Build Command(s):/usr/bin/make cmTC_3c6f2/fast && /usr/bin/make -f CMakeFiles/cmTC_3c6f2.dir/build.make CMakeFiles/cmTC_3c6f2.dir/build
make[1]: Entering directory '/github/vendor/gems/3.3.4/ruby/3.3.0/gems/rugged-1.4.3.102.ga6b7142/vendor/libgit2/build/CMakeFiles/CMakeTmp'
Building C object CMakeFiles/cmTC_3c6f2.dir/CheckFunctionExists.c.o
/usr/bin/gcc   -D_GNU_SOURCE -fPIC -Wall -Wextra -Wno-documentation-deprecated-sync -Wno-missing-field-initializers -Wmissing-declarations -Wstrict-aliasing -Wstrict-prototypes -Wdeclaration-after-statement -Wshift-count-overflow -Wunused-const-variable -Wunused-function -Wint-conversion -Wc99-c11-compat -Wformat -Wformat-security -DCHECK_FUNCTION_EXISTS=_strtoi64   -o CMakeFiles/cmTC_3c6f2.dir/CheckFunctionExists.c.o   -c /usr/share/cmake-3.16/Modules/CheckFunctionExists.c
Linking C executable cmTC_3c6f2
/usr/bin/cmake -E cmake_link_script CMakeFiles/cmTC_3c6f2.dir/link.txt --verbose=1
/usr/bin/gcc -D_GNU_SOURCE -fPIC -Wall -Wextra -Wno-documentation-deprecated-sync -Wno-missing-field-initializers -Wmissing-declarations -Wstrict-aliasing -Wstrict-prototypes -Wdeclaration-after-statement -Wshift-count-overflow -Wunused-const-variable -Wunused-function -Wint-conversion -Wc99-c11-compat -Wformat -Wformat-security -DCHECK_FUNCTION_EXISTS=_strtoi64    CMakeFiles/cmTC_3c6f2.dir/CheckFunctionExists.c.o  -o cmTC_3c6f2 
/usr/bin/ld: CMakeFiles/cmTC_3c6f2.dir/CheckFunctionExists.c.o: in function `main':
CheckFunctionExists.c:(.text+0x14): undefined reference to `_strtoi64'
collect2: error: ld returned 1 exit status
make[1]: *** [CMakeFiles/cmTC_3c6f2.dir/build.make:87: cmTC_3c6f2] Error 1
make[1]: Leaving directory '/github/vendor/gems/3.3.4/ruby/3.3.0/gems/rugged-1.4.3.102.ga6b7142/vendor/libgit2/build/CMakeFiles/CMakeTmp'
make: *** [Makefile:121: cmTC_3c6f2/fast] Error 2



